#
# There is insufficient memory for the Java Runtime Environment to continue.
# Native memory allocation (mmap) failed to map 65536 bytes for Failed to commit area from 0x000002678f260000 to 0x000002678f270000 of length 65536.
# Possible reasons:
#   The system is out of physical RAM or swap space
#   The process is running with CompressedOops enabled, and the Java Heap may be blocking the growth of the native heap
# Possible solutions:
#   Reduce memory load on the system
#   Increase physical memory or swap space
#   Check if swap backing store is full
#   Decrease Java heap size (-Xmx/-Xms)
#   Decrease number of Java threads
#   Decrease Java thread stack sizes (-Xss)
#   Set larger code cache with -XX:ReservedCodeCacheSize=
# This output file may be truncated or incomplete.
#
#  Out of Memory Error (t:/workspace/hotspot/src/os/windows/vm/os_windows.cpp:3357), pid=20748, tid=21260
#
# JRE version:  (9.0+11) (build )
# Java VM: Java HotSpot(TM) 64-Bit Server VM (9.0.4+11, mixed mode, tiered, compressed oops, g1 gc, windows-amd64)
# No core dump will be written. Minidumps are not enabled by default on client versions of Windows
#

---------------  S U M M A R Y ------------

Command Line: -javaagent:D:\1.编程\ideaIU\lib\idea_rt.jar=56024:D:\1.编程\ideaIU\bin -Dfile.encoding=UTF-8 com.Cang.res.service.ucenter.timer.RedisTimer

Host: AMD Ryzen 5 4600U with Radeon Graphics         , 12 cores, 15G,  Windows 10 , 64 bit Build 22000 (10.0.22000.1516)
Time: Tue Mar 14 21:47:25 2023 ?D1ú±ê×?ê±?? elapsed time: 0 seconds (0d 0h 0m 0s)

---------------  T H R E A D  ---------------

Current thread (0x00000267ec642000):  JavaThread "Unknown thread" [_thread_in_vm, id=21260, stack(0x0000009620300000,0x0000009620400000)]

Stack: [0x0000009620300000,0x0000009620400000]
Native frames: (J=compiled Java code, j=interpreted, Vv=VM code, C=native code)
V  [jvm.dll+0x587068]
V  [jvm.dll+0x69c25e]
V  [jvm.dll+0x69d17a]
V  [jvm.dll+0x69d7b3]
V  [jvm.dll+0x21d198]
V  [jvm.dll+0x584bb4]
V  [jvm.dll+0x57a095]
V  [jvm.dll+0x2cd67b]
V  [jvm.dll+0x2cd5e3]
V  [jvm.dll+0x2cd4b2]
V  [jvm.dll+0x2cf5b5]
V  [jvm.dll+0x319207]
V  [jvm.dll+0x3198f6]
V  [jvm.dll+0x3192e3]
V  [jvm.dll+0x2adeb8]
V  [jvm.dll+0x2af0e7]
V  [jvm.dll+0x67b34d]
V  [jvm.dll+0x67c70c]
V  [jvm.dll+0x3269c9]
V  [jvm.dll+0x66555e]
V  [jvm.dll+0x391811]
V  [jvm.dll+0x3937c1]
C  [java.exe+0x34f1]
C  [java.exe+0xe24f]
C  [java.exe+0xe3f6]
C  [KERNEL32.DLL+0x155a0]
C  [ntdll.dll+0x485b]


---------------  P R O C E S S  ---------------

Java Threads: ( => current thread )

Other Threads:
  0x00000267ec659800 GCTaskThread "GC Thread#0" [stack: 0x0000009620400000,0x0000009620500000] [id=7392]
  0x00000267ec65b800 GCTaskThread "GC Thread#1" [stack: 0x0000009620500000,0x0000009620600000] [id=21584]
  0x00000267ec660000 GCTaskThread "GC Thread#2" [stack: 0x0000009620600000,0x0000009620700000] [id=21372]
  0x00000267ec661000 GCTaskThread "GC Thread#3" [stack: 0x0000009620700000,0x0000009620800000] [id=21172]
  0x00000267ec664800 GCTaskThread "GC Thread#4" [stack: 0x0000009620800000,0x0000009620900000] [id=21284]
  0x00000267ec666800 GCTaskThread "GC Thread#5" [stack: 0x0000009620900000,0x0000009620a00000] [id=13152]
  0x00000267ec668800 GCTaskThread "GC Thread#6" [stack: 0x0000009620a00000,0x0000009620b00000] [id=19480]
  0x00000267ec66a800 GCTaskThread "GC Thread#7" [stack: 0x0000009620b00000,0x0000009620c00000] [id=9248]
  0x00000267ec672000 GCTaskThread "GC Thread#8" [stack: 0x0000009620c00000,0x0000009620d00000] [id=12752]
  0x00000267ec674800 GCTaskThread "GC Thread#9" [stack: 0x0000009620d00000,0x0000009620e00000] [id=19584]
  0x00000267ff36f800 ConcurrentGCThread "G1 Main Marker" [stack: 0x0000009621900000,0x0000009621a00000] [id=22348]
  0x00000267ff374000 ConcurrentGCThread "G1 Marker#0" [stack: 0x0000009621a00000,0x0000009621b00000] [id=21612]
  0x00000267ff374800 ConcurrentGCThread "G1 Marker#1" [stack: 0x0000009621b00000,0x0000009621c00000] [id=9492]
  0x00000267ff375800 ConcurrentGCThread "G1 Marker#2" [stack: 0x0000009621c00000,0x0000009621d00000] [id=21572]
  0x00000267ec69a800 ConcurrentGCThread "G1 Refine#0" [stack: 0x0000009621700000,0x0000009621800000] [id=10780]
  0x00000267ec693000 ConcurrentGCThread "G1 Refine#1" [stack: 0x0000009621600000,0x0000009621700000] [id=12756]
  0x00000267ec697000 ConcurrentGCThread "G1 Refine#2" [stack: 0x0000009621500000,0x0000009621600000] [id=2580]
  0x00000267ec695800 ConcurrentGCThread "G1 Refine#3" [stack: 0x0000009621400000,0x0000009621500000] [id=20184]
  0x00000267ec699000 ConcurrentGCThread "G1 Refine#4" [stack: 0x0000009621300000,0x0000009621400000] [id=21500]
  0x00000267ec68a800 ConcurrentGCThread "G1 Refine#5" [stack: 0x0000009621200000,0x0000009621300000] [id=21484]
  0x00000267ec681800 ConcurrentGCThread "G1 Refine#6" [stack: 0x0000009621100000,0x0000009621200000] [id=13712]
  0x00000267ec67d000 ConcurrentGCThread "G1 Refine#7" [stack: 0x0000009621000000,0x0000009621100000] [id=2780]
  0x00000267ec67c800 ConcurrentGCThread "G1 Refine#8" [stack: 0x0000009620f00000,0x0000009621000000] [id=19720]
  0x00000267ec67b800 ConcurrentGCThread "G1 Refine#9" [stack: 0x0000009620e00000,0x0000009620f00000] [id=8084]
  0x00000267ec6a4000 ConcurrentGCThread "G1 Young RemSet Sampling" [stack: 0x0000009621800000,0x0000009621900000] [id=9304]

=>0x00000267ec642000 (exited) JavaThread "Unknown thread" [_thread_in_vm, id=21260, stack(0x0000009620300000,0x0000009620400000)]

Threads with active compile tasks:

VM state:not at safepoint (not fully initialized)

VM Mutex/Monitor currently owned by a thread:  ([mutex/lock_event])
[0x00000267ec63f850] Heap_lock - owner thread: 0x00000267ec642000

Heap address: 0x00000006ca200000, size: 3934 MB, Compressed Oops mode: Non-zero based: 0x00000006ca200000
Narrow klass base: 0x0000000000000000, Narrow klass shift: 0

GC Heap History (0 events):
No events

Deoptimization events (0 events):
No events

Classes redefined (0 events):
No events

Internal exceptions (0 events):
No events

Events (0 events):
No events


Dynamic libraries:
0x00007ff6ff550000 - 0x00007ff6ff58e000 	D:\Java\jdk_9.0.4\bin\java.exe
0x00007ffba79c0000 - 0x00007ffba7bc9000 	C:\WINDOWS\SYSTEM32\ntdll.dll
0x00007ffba6310000 - 0x00007ffba63ce000 	C:\WINDOWS\System32\KERNEL32.DLL
0x00007ffba5020000 - 0x00007ffba539c000 	C:\WINDOWS\System32\KERNELBASE.dll
0x00007ffba1eb0000 - 0x00007ffba1f41000 	C:\WINDOWS\SYSTEM32\apphelp.dll
0x00007ffba7450000 - 0x00007ffba74fe000 	C:\WINDOWS\System32\ADVAPI32.dll
0x00007ffba5840000 - 0x00007ffba58e3000 	C:\WINDOWS\System32\msvcrt.dll
0x00007ffba5ac0000 - 0x00007ffba5b5e000 	C:\WINDOWS\System32\sechost.dll
0x00007ffba6c20000 - 0x00007ffba6d40000 	C:\WINDOWS\System32\RPCRT4.dll
0x00007ffba5ba0000 - 0x00007ffba5d4d000 	C:\WINDOWS\System32\USER32.dll
0x00007ffba4f30000 - 0x00007ffba4f56000 	C:\WINDOWS\System32\win32u.dll
0x00007ffba7420000 - 0x00007ffba7449000 	C:\WINDOWS\System32\GDI32.dll
0x00007ffba54c0000 - 0x00007ffba55d8000 	C:\WINDOWS\System32\gdi32full.dll
0x00007ffba4e90000 - 0x00007ffba4f2d000 	C:\WINDOWS\System32\msvcp_win.dll
0x00007ffba53a0000 - 0x00007ffba54b1000 	C:\WINDOWS\System32\ucrtbase.dll
0x00007ffb9c370000 - 0x00007ffb9c37a000 	C:\WINDOWS\SYSTEM32\VERSION.dll
0x00007ffb8c650000 - 0x00007ffb8c8f5000 	C:\WINDOWS\WinSxS\amd64_microsoft.windows.common-controls_6595b64144ccf1df_6.0.22000.120_none_9d947278b86cc467\COMCTL32.dll
0x00007ffba5b60000 - 0x00007ffba5b92000 	C:\WINDOWS\System32\IMM32.DLL
0x00007ffb75360000 - 0x00007ffb7544f000 	D:\Java\jdk_9.0.4\bin\msvcr120.dll
0x00007ffb75200000 - 0x00007ffb752a6000 	D:\Java\jdk_9.0.4\bin\msvcp120.dll
0x0000000055030000 - 0x0000000055a55000 	D:\Java\jdk_9.0.4\bin\server\jvm.dll
0x00007ffba7500000 - 0x00007ffba7508000 	C:\WINDOWS\System32\PSAPI.DLL
0x00007ffb91680000 - 0x00007ffb91689000 	C:\WINDOWS\SYSTEM32\WSOCK32.dll
0x00007ffb9f470000 - 0x00007ffb9f4a3000 	C:\WINDOWS\SYSTEM32\WINMM.dll
0x00007ffba5d60000 - 0x00007ffba5dcf000 	C:\WINDOWS\System32\WS2_32.dll
0x00007ffb9fdc0000 - 0x00007ffb9fdcf000 	D:\Java\jdk_9.0.4\bin\verify.dll
0x00007ffb9fd90000 - 0x00007ffb9fdb7000 	D:\Java\jdk_9.0.4\bin\java.dll
0x00007ffb785d0000 - 0x00007ffb785fa000 	D:\Java\jdk_9.0.4\bin\instrument.dll
0x00007ffb7e010000 - 0x00007ffb7e026000 	D:\Java\jdk_9.0.4\bin\zip.dll
0x00007ffb88ed0000 - 0x00007ffb88eda000 	D:\Java\jdk_9.0.4\bin\jimage.dll
0x00007ffba27f0000 - 0x00007ffba2a11000 	C:\WINDOWS\SYSTEM32\dbghelp.dll
0x00007ffba55e0000 - 0x00007ffba565f000 	C:\WINDOWS\System32\bcryptPrimitives.dll

VM Arguments:
jvm_args: -javaagent:D:\1.编程\ideaIU\lib\idea_rt.jar=56024:D:\1.编程\ideaIU\bin -Dfile.encoding=UTF-8 
java_command: com.Cang.res.service.ucenter.timer.RedisTimer
java_class_path (initial): D:\ArtWork\Java代码库\res_repair\service\service_ucenter\target\classes;D:\Java\MAVEN\apache-maven-3.6.1\mvn_repository\redis\clients\jedis\3.1.0\jedis-3.1.0.jar;D:\Java\MAVEN\apache-maven-3.6.1\mvn_repository\org\slf4j\slf4j-api\1.7.29\slf4j-api-1.7.29.jar;D:\Java\MAVEN\apache-maven-3.6.1\mvn_repository\org\apache\commons\commons-pool2\2.7.0\commons-pool2-2.7.0.jar;D:\Java\MAVEN\apache-maven-3.6.1\mvn_repository\org\springframework\boot\spring-boot-starter-parent\2.2.2.RELEASE\target\classes;D:\Java\MAVEN\apache-maven-3.6.1\mvn_repository\org\springframework\boot\spring-boot-starter-data-redis\2.2.2.RELEASE\spring-boot-starter-data-redis-2.2.2.RELEASE.jar;D:\Java\MAVEN\apache-maven-3.6.1\mvn_repository\org\springframework\data\spring-data-redis\2.2.3.RELEASE\spring-data-redis-2.2.3.RELEASE.jar;D:\Java\MAVEN\apache-maven-3.6.1\mvn_repository\org\springframework\data\spring-data-keyvalue\2.2.3.RELEASE\spring-data-keyvalue-2.2.3.RELEASE.jar;D:\Java\MAVEN\apache-maven-3.6.1\mvn_repository\org\springframework\data\spring-data-commons\2.2.3.RELEASE\spring-data-commons-2.2.3.RELEASE.jar;D:\Java\MAVEN\apache-maven-3.6.1\mvn_repository\org\springframework\spring-tx\5.2.2.RELEASE\spring-tx-5.2.2.RELEASE.jar;D:\Java\MAVEN\apache-maven-3.6.1\mvn_repository\org\springframework\spring-oxm\5.2.2.RELEASE\spring-oxm-5.2.2.RELEASE.jar;D:\Java\MAVEN\apache-maven-3.6.1\mvn_repository\org\springframework\spring-context-support\5.2.2.RELEASE\spring-context-support-5.2.2.RELEASE.jar;D:\Java\MAVEN\apache-maven-3.6.1\mvn_repository\io\lettuce\lettuce-core\5.2.1.RELEASE\lettuce-core-5.2.1.RELEASE.jar;D:\Java\MAVEN\apache-maven-3.6.1\mvn_repository\io\netty\netty-common\4.1.43.Final\netty-common-4.1.43.Final.jar;D:\Java\MAVEN\apache-maven-3.6.1\mvn_repository\io\netty\netty-handler\4.1.43.Final\netty-handler-4.1.43.Final.jar;D:\Java\MAVEN\apache-maven-3.6.1\mvn_repository\io\netty\netty-buffer\4.1.43.Final\netty-buffer-4.1.43.Final.jar;D:\Java\MAVEN\apache-maven-
Launcher Type: SUN_STANDARD

Logging:
Log output configuration:
#0: stdout all=warning uptime,level,tags
#1: stderr all=off uptime,level,tags

Environment Variables:
JAVA_HOME=D:\Java\jdk_9.0.4
CLASSPATH=.;D:\Java\jdk_9.0.4\lib\dt.jar;D:\Java\jdk_9.0.4\lib\tools.jar;D:\Java\Tomcat9.0.1\lib\servlet-api.jar;
PATH=C:\Program Files (x86)\Razer\ChromaBroadcast\bin;C:\Program Files\Razer\ChromaBroadcast\bin;C:\Windows;C:\Windows\system32;C:\Windows\System32\Wbem;C:\Windows\System32\OpenSSH\;C:\Windows\System32\WindowsPowerShell\v1.0\;C:\Windows\system32\config\systemprofile\AppData\Local\Microsoft\WindowsApps;C:\Program Files\dotnet\;C:\Program Files\Razer Chroma SDK\bin;C:\Program Files\Razer\ChromaBroadcast\bin;C:\Program Files (x86)\Razer\ChromaBroadcast\bin;D:\1.编程\VMware\bin;D:\1.编程\VMware16Pro\bin;D:\2.工具\Git\cmd;D:\Java\jdk_9.0.4;D:\Java\jdk_9.0.4\bin;D:\wamp64\bin\php\php7.4.9;D:\Java\MySQL\mysql-5.7.36-winx64\bin;D:\Java\Tomcat9.0.1\bin;D:\Java\Tomcat9.0.1\lib;C:\WINDOWS\system32;C:\WINDOWS;C:\WINDOWS\System32\Wbem;C:\WINDOWS\System32\WindowsPowerShell\v1.0\;C:\WINDOWS\System32\OpenSSH\;D:\Java\MySQL\mysql-8.0.25-winx64\bin;D:\Java\jdk_9.0.4\bin;D:\Java\jdk_9.0.4\lib\tools.jar;D:\Java\MAVEN\apache-maven-3.6.1\bin;D:\1.编程\VSCode\bin;C:\WINDOWS\system32\config\systemprofile\AppData\Local\Microsoft\WindowsApps;D:\2.工具\Node\;D:\2.工具\Xshell 7\;D:\2.工具\Xftp 7\;D:\ArtWork\python\python-3.10.5\Scripts\;D:\ArtWork\python\python-3.10.5\;C:\Users\Cang\AppData\Local\Programs\Python\Launcher\;C:\Users\Cang\AppData\Local\Microsoft\WindowsApps;D:\Bandizip\;C:\Users\Cang\spicetify-cli;C:\Users\Cang\AppData\Local\Microsoft\WindowsApps;D:\4.编程文件\python\python-3.9.8;C:\Users\Cang\AppData\Roaming\npm
USERNAME=Cang
OS=Windows_NT
PROCESSOR_IDENTIFIER=AMD64 Family 23 Model 96 Stepping 1, AuthenticAMD



---------------  S Y S T E M  ---------------

OS: Windows 10 , 64 bit Build 22000 (10.0.22000.1516)

CPU:total 12 (initial active 12) (12 cores per cpu, 1 threads per core) family 23 model 96 stepping 1, cmov, cx8, fxsr, mmx, sse, sse2, sse3, ssse3, sse4.1, sse4.2, popcnt, avx, avx2, aes, clmul, mmxext, 3dnowpref, lzcnt, sse4a, tsc, tscinvbit, tscinv, bmi1

Memory: 4k page, physical 16112436k(6846964k free), swap 29219632k(5136k free)

vm_info: Java HotSpot(TM) 64-Bit Server VM (9.0.4+11) for windows-amd64 JRE (9.0.4+11), built on Dec 20 2017 02:18:54 by "mach5one" with MS VC++ 12.0 (VS2013)

END.
