2023-03-14 15:04:05.324  WARN 9404 --- [main] o.m.s.mapper.ClassPathMapperScanner      : No MyBatis mapper was found in '[com.Cang.res.service.ucenter]' package. Please check your configuration.
2023-03-14 15:04:06.975  WARN 9404 --- [main] ConfigServletWebServerApplicationContext : Exception encountered during context initialization - cancelling refresh attempt: org.springframework.beans.factory.UnsatisfiedDependencyException: Error creating bean with name 'memberController': Unsatisfied dependency expressed through field 'memberService'; nested exception is org.springframework.beans.factory.UnsatisfiedDependencyException: Error creating bean with name 'memberServiceImpl': Unsatisfied dependency expressed through field 'baseMapper'; nested exception is org.springframework.beans.factory.NoSuchBeanDefinitionException: No qualifying bean of type 'com.Cang.res.service.ucenter.mapper.MemberMapper' available: expected at least 1 bean which qualifies as autowire candidate. Dependency annotations: {@org.springframework.beans.factory.annotation.Autowired(required=true)}
2023-03-14 15:04:42.282  WARN 13532 --- [main] o.m.s.mapper.ClassPathMapperScanner      : No MyBatis mapper was found in '[com.Cang.res.service.ucenter]' package. Please check your configuration.
2023-03-14 15:04:43.824  WARN 13532 --- [main] ConfigServletWebServerApplicationContext : Exception encountered during context initialization - cancelling refresh attempt: org.springframework.beans.factory.UnsatisfiedDependencyException: Error creating bean with name 'memberController': Unsatisfied dependency expressed through field 'memberService'; nested exception is org.springframework.beans.factory.UnsatisfiedDependencyException: Error creating bean with name 'memberServiceImpl': Unsatisfied dependency expressed through field 'baseMapper'; nested exception is org.springframework.beans.factory.NoSuchBeanDefinitionException: No qualifying bean of type 'com.Cang.res.service.ucenter.mapper.MemberMapper' available: expected at least 1 bean which qualifies as autowire candidate. Dependency annotations: {@org.springframework.beans.factory.annotation.Autowired(required=true)}
2023-03-14 15:10:16.217  WARN 16556 --- [http-nio-8120-exec-2] c.C.r.s.u.s.impl.MemberServiceImpl       : 找到该邀请码：5667
2023-03-14 15:13:34.741  WARN 6852 --- [http-nio-8120-exec-2] c.C.r.s.u.s.impl.MemberServiceImpl       : 找到该邀请码：7533
2023-03-14 21:58:24.697  WARN 22408 --- [http-nio-8120-exec-6] c.C.r.s.u.s.impl.MemberServiceImpl       : 找到该邀请码：053505
2023-03-14 21:58:27.024  WARN 22408 --- [http-nio-8120-exec-5] c.C.r.s.u.s.impl.MemberServiceImpl       : 找到该邀请码：053505
2023-03-14 21:58:36.142  WARN 22408 --- [http-nio-8120-exec-7] c.C.r.s.u.s.impl.MemberServiceImpl       : 找到该邀请码：053505
2023-03-14 21:58:36.805  WARN 22408 --- [http-nio-8120-exec-8] c.C.r.s.u.s.impl.MemberServiceImpl       : 找到该邀请码：053505
2023-03-14 21:58:37.209  WARN 22408 --- [http-nio-8120-exec-9] c.C.r.s.u.s.impl.MemberServiceImpl       : 找到该邀请码：053505
2023-03-14 21:58:37.410  WARN 22408 --- [http-nio-8120-exec-10] c.C.r.s.u.s.impl.MemberServiceImpl       : 找到该邀请码：053505
2023-03-14 21:58:37.574  WARN 22408 --- [http-nio-8120-exec-4] c.C.r.s.u.s.impl.MemberServiceImpl       : 找到该邀请码：053505
2023-03-14 21:58:37.899  WARN 22408 --- [http-nio-8120-exec-1] c.C.r.s.u.s.impl.MemberServiceImpl       : 找到该邀请码：053505
2023-03-14 21:58:38.348  WARN 22408 --- [http-nio-8120-exec-3] c.C.r.s.u.s.impl.MemberServiceImpl       : 找到该邀请码：053505
2023-03-14 21:58:44.203  WARN 22408 --- [http-nio-8120-exec-2] c.C.r.s.u.s.impl.MemberServiceImpl       : 找到该邀请码：053505
2023-03-14 22:01:14.327  WARN 19332 --- [http-nio-8120-exec-1] c.C.r.s.u.s.impl.MemberServiceImpl       : 找到该邀请码：053505
2023-03-14 22:02:36.958  WARN 21964 --- [http-nio-8120-exec-1] c.C.r.s.u.s.impl.MemberServiceImpl       : 找到该邀请码：053505
2023-03-14 22:03:07.170  WARN 21964 --- [http-nio-8120-exec-2] c.C.r.s.u.s.impl.MemberServiceImpl       : 找到该邀请码：053505
2023-03-14 22:09:55.513  WARN 21572 --- [http-nio-8120-exec-1] c.C.r.s.u.s.impl.MemberServiceImpl       : 找到该邀请码：053505
2023-03-14 22:11:01.286  WARN 21572 --- [HikariPool-1 housekeeper] com.zaxxer.hikari.pool.HikariPool        : HikariPool-1 - Thread starvation or clock leap detected (housekeeper delta=1m1s167ms687µs500ns).
2023-03-14 22:11:01.306  WARN 21572 --- [http-nio-8120-exec-2] c.C.r.s.u.s.impl.MemberServiceImpl       : 找到该邀请码：053505
2023-03-14 22:11:18.915  WARN 21572 --- [http-nio-8120-exec-8] c.C.r.s.u.s.impl.MemberServiceImpl       : 找到该邀请码：053505
2023-03-14 22:11:45.263  WARN 21572 --- [http-nio-8120-exec-4] c.C.r.s.u.s.impl.MemberServiceImpl       : 找到该邀请码：053505
2023-03-14 22:16:10.853  WARN 21572 --- [http-nio-8120-exec-2] c.C.r.s.u.s.impl.MemberServiceImpl       : 找到该邀请码：053505
2023-03-14 22:16:46.840  WARN 22660 --- [http-nio-8120-exec-1] c.C.r.s.u.s.impl.MemberServiceImpl       : 找到该邀请码：053505
2023-03-14 22:19:42.180  WARN 21280 --- [http-nio-8120-exec-1] c.C.r.s.u.s.impl.MemberServiceImpl       : 找到该邀请码：053505
2023-03-14 22:20:00.087  WARN 21280 --- [HikariPool-1 housekeeper] com.zaxxer.hikari.pool.HikariPool        : HikariPool-1 - Thread starvation or clock leap detected (housekeeper delta=47s930ms201µs900ns).
2023-03-14 22:20:00.087  WARN 21280 --- [http-nio-8120-exec-1] c.C.r.s.u.s.impl.MemberServiceImpl       : 删除了:053505邀请码
2023-03-14 22:20:52.989  WARN 20248 --- [http-nio-8120-exec-1] c.C.r.s.u.s.impl.MemberServiceImpl       : 找到该邀请码：053505
2023-03-14 22:20:57.083  WARN 20248 --- [http-nio-8120-exec-1] c.C.r.s.u.s.impl.MemberServiceImpl       : inveit_code:053505
2023-03-14 22:23:39.695  WARN 18704 --- [http-nio-8120-exec-1] c.C.r.s.u.s.impl.MemberServiceImpl       : 找到该邀请码：053505
2023-03-14 22:23:42.454  WARN 18704 --- [http-nio-8120-exec-1] c.C.r.s.u.s.impl.MemberServiceImpl       : inveit_code:#:053505
2023-03-14 22:44:47.536  WARN 14144 --- [http-nio-8120-exec-5] c.C.r.s.u.s.impl.MemberServiceImpl       : 找到该邀请码：042222
2023-03-14 22:46:45.949  WARN 11320 --- [http-nio-8120-exec-1] c.C.r.s.u.s.impl.MemberServiceImpl       : 找到该邀请码：011848
2023-03-14 22:46:45.949  WARN 11320 --- [http-nio-8120-exec-1] c.C.r.s.u.s.impl.MemberServiceImpl       : 数值为：47
