2023-03-11 10:09:52.546  INFO 13464 --- [main] c.C.r.s.repair.ServiceRepairApplication  : Starting ServiceRepairApplication on Cang with PID 13464 (D:\ArtWork\Java代码库\res_repair\service\service_repair\target\classes started by Cang in D:\ArtWork\Java代码库\res_repair)
2023-03-11 10:09:52.546  INFO 13464 --- [main] c.C.r.s.repair.ServiceRepairApplication  : The following profiles are active: dev
2023-03-11 10:09:53.276  INFO 13464 --- [main] .s.d.r.c.RepositoryConfigurationDelegate : Multiple Spring Data modules found, entering strict repository configuration mode!
2023-03-11 10:09:53.278  INFO 13464 --- [main] .s.d.r.c.RepositoryConfigurationDelegate : Bootstrapping Spring Data Redis repositories in DEFAULT mode.
2023-03-11 10:09:53.300  INFO 13464 --- [main] .s.d.r.c.RepositoryConfigurationDelegate : Finished Spring Data repository scanning in 11ms. Found 0 Redis repository interfaces.
2023-03-11 10:09:53.525  INFO 13464 --- [main] trationDelegate$BeanPostProcessorChecker : Bean 'org.springframework.transaction.annotation.ProxyTransactionManagementConfiguration' of type [org.springframework.transaction.annotation.ProxyTransactionManagementConfiguration] is not eligible for getting processed by all BeanPostProcessors (for example: not eligible for auto-proxying)
2023-03-11 10:09:53.759  INFO 13464 --- [main] o.s.b.w.embedded.tomcat.TomcatWebServer  : Tomcat initialized with port(s): 8110 (http)
2023-03-11 10:09:53.775  INFO 13464 --- [main] o.apache.catalina.core.StandardService   : Starting service [Tomcat]
2023-03-11 10:09:53.775  INFO 13464 --- [main] org.apache.catalina.core.StandardEngine  : Starting Servlet engine: [Apache Tomcat/9.0.29]
2023-03-11 10:09:53.775  INFO 13464 --- [main] o.a.catalina.core.AprLifecycleListener   : An older version [1.2.14] of the APR based Apache Tomcat Native library is installed, while Tomcat recommends a minimum version of [1.2.23]
2023-03-11 10:09:53.775  INFO 13464 --- [main] o.a.catalina.core.AprLifecycleListener   : Loaded APR based Apache Tomcat Native library [1.2.14] using APR version [1.6.2].
2023-03-11 10:09:53.775  INFO 13464 --- [main] o.a.catalina.core.AprLifecycleListener   : APR capabilities: IPv6 [true], sendfile [true], accept filters [false], random [true].
2023-03-11 10:09:53.775  INFO 13464 --- [main] o.a.catalina.core.AprLifecycleListener   : APR/OpenSSL configuration: useAprConnector [false], useOpenSSL [true]
2023-03-11 10:09:54.838  INFO 13464 --- [main] o.a.catalina.core.AprLifecycleListener   : OpenSSL successfully initialized [OpenSSL 1.0.2l  25 May 2017]
2023-03-11 10:09:54.916  INFO 13464 --- [main] o.a.c.c.C.[Tomcat].[localhost].[/]       : Initializing Spring embedded WebApplicationContext
2023-03-11 10:09:54.916  INFO 13464 --- [main] o.s.web.context.ContextLoader            : Root WebApplicationContext: initialization completed in 2339 ms
2023-03-11 10:09:55.902  INFO 13464 --- [main] o.apache.catalina.core.StandardService   : Stopping service [Tomcat]
2023-03-11 10:09:55.918  INFO 13464 --- [main] ConditionEvaluationReportLoggingListener : 

Error starting ApplicationContext. To display the conditions report re-run your application with 'debug' enabled.
2023-03-11 10:10:57.590  INFO 23532 --- [main] c.C.r.s.repair.ServiceRepairApplication  : Starting ServiceRepairApplication on Cang with PID 23532 (D:\ArtWork\Java代码库\res_repair\service\service_repair\target\classes started by Cang in D:\ArtWork\Java代码库\res_repair)
2023-03-11 10:10:57.590  INFO 23532 --- [main] c.C.r.s.repair.ServiceRepairApplication  : The following profiles are active: dev
2023-03-11 10:10:58.263  INFO 23532 --- [main] .s.d.r.c.RepositoryConfigurationDelegate : Multiple Spring Data modules found, entering strict repository configuration mode!
2023-03-11 10:10:58.263  INFO 23532 --- [main] .s.d.r.c.RepositoryConfigurationDelegate : Bootstrapping Spring Data Redis repositories in DEFAULT mode.
2023-03-11 10:10:58.278  INFO 23532 --- [main] .s.d.r.c.RepositoryConfigurationDelegate : Finished Spring Data repository scanning in 13ms. Found 0 Redis repository interfaces.
2023-03-11 10:10:58.513  INFO 23532 --- [main] trationDelegate$BeanPostProcessorChecker : Bean 'org.springframework.transaction.annotation.ProxyTransactionManagementConfiguration' of type [org.springframework.transaction.annotation.ProxyTransactionManagementConfiguration] is not eligible for getting processed by all BeanPostProcessors (for example: not eligible for auto-proxying)
2023-03-11 10:10:58.731  INFO 23532 --- [main] o.s.b.w.embedded.tomcat.TomcatWebServer  : Tomcat initialized with port(s): 8110 (http)
2023-03-11 10:10:58.747  INFO 23532 --- [main] o.apache.catalina.core.StandardService   : Starting service [Tomcat]
2023-03-11 10:10:58.747  INFO 23532 --- [main] org.apache.catalina.core.StandardEngine  : Starting Servlet engine: [Apache Tomcat/9.0.29]
2023-03-11 10:10:58.747  INFO 23532 --- [main] o.a.catalina.core.AprLifecycleListener   : An older version [1.2.14] of the APR based Apache Tomcat Native library is installed, while Tomcat recommends a minimum version of [1.2.23]
2023-03-11 10:10:58.747  INFO 23532 --- [main] o.a.catalina.core.AprLifecycleListener   : Loaded APR based Apache Tomcat Native library [1.2.14] using APR version [1.6.2].
2023-03-11 10:10:58.747  INFO 23532 --- [main] o.a.catalina.core.AprLifecycleListener   : APR capabilities: IPv6 [true], sendfile [true], accept filters [false], random [true].
2023-03-11 10:10:58.747  INFO 23532 --- [main] o.a.catalina.core.AprLifecycleListener   : APR/OpenSSL configuration: useAprConnector [false], useOpenSSL [true]
2023-03-11 10:10:59.810  INFO 23532 --- [main] o.a.catalina.core.AprLifecycleListener   : OpenSSL successfully initialized [OpenSSL 1.0.2l  25 May 2017]
2023-03-11 10:10:59.888  INFO 23532 --- [main] o.a.c.c.C.[Tomcat].[localhost].[/]       : Initializing Spring embedded WebApplicationContext
2023-03-11 10:10:59.888  INFO 23532 --- [main] o.s.web.context.ContextLoader            : Root WebApplicationContext: initialization completed in 2266 ms
2023-03-11 10:11:01.091  INFO 23532 --- [main] pertySourcedRequestMappingHandlerMapping : Mapped URL path [/v2/api-docs] onto method [springfox.documentation.swagger2.web.Swagger2Controller#getDocumentation(String, HttpServletRequest)]
2023-03-11 10:11:01.169  INFO 23532 --- [main] o.s.s.concurrent.ThreadPoolTaskExecutor  : Initializing ExecutorService 'applicationTaskExecutor'
2023-03-11 10:11:01.482  INFO 23532 --- [main] d.s.w.p.DocumentationPluginsBootstrapper : Context refreshed
2023-03-11 10:11:01.482  INFO 23532 --- [main] d.s.w.p.DocumentationPluginsBootstrapper : Found 2 custom documentation plugin(s)
2023-03-11 10:11:01.513  INFO 23532 --- [main] s.d.s.w.s.ApiListingReferenceScanner     : Scanning for api listing references
2023-03-11 10:11:01.607  INFO 23532 --- [main] s.d.s.w.s.ApiListingReferenceScanner     : Scanning for api listing references
2023-03-11 10:11:01.638  INFO 23532 --- [main] o.s.b.w.embedded.tomcat.TomcatWebServer  : Tomcat started on port(s): 8110 (http) with context path ''
2023-03-11 10:11:01.654  INFO 23532 --- [main] c.C.r.s.repair.ServiceRepairApplication  : Started ServiceRepairApplication in 4.504 seconds (JVM running for 5.783)
2023-03-11 10:11:11.738  INFO 23532 --- [http-nio-8110-exec-1] o.a.c.c.C.[Tomcat].[localhost].[/]       : Initializing Spring DispatcherServlet 'dispatcherServlet'
2023-03-11 10:11:11.739  INFO 23532 --- [http-nio-8110-exec-1] o.s.web.servlet.DispatcherServlet        : Initializing Servlet 'dispatcherServlet'
2023-03-11 10:11:11.743  INFO 23532 --- [http-nio-8110-exec-1] o.s.web.servlet.DispatcherServlet        : Completed initialization in 4 ms
2023-03-11 10:11:24.928  INFO 23532 --- [http-nio-8110-exec-10] com.zaxxer.hikari.HikariDataSource       : HikariPool-1 - Starting...
2023-03-11 10:11:25.257  INFO 23532 --- [http-nio-8110-exec-10] com.zaxxer.hikari.HikariDataSource       : HikariPool-1 - Start completed.
2023-03-11 10:15:58.265  INFO 23532 --- [SpringContextShutdownHook] o.s.s.concurrent.ThreadPoolTaskExecutor  : Shutting down ExecutorService 'applicationTaskExecutor'
2023-03-11 10:15:58.265  INFO 23532 --- [SpringContextShutdownHook] com.zaxxer.hikari.HikariDataSource       : HikariPool-1 - Shutdown initiated...
2023-03-11 10:15:58.280  INFO 23532 --- [SpringContextShutdownHook] com.zaxxer.hikari.HikariDataSource       : HikariPool-1 - Shutdown completed.
2023-03-11 11:32:51.783  INFO 2340 --- [main] c.C.r.s.repair.ServiceRepairApplication  : Starting ServiceRepairApplication on Cang with PID 2340 (D:\ArtWork\Java代码库\res_repair\service\service_repair\target\classes started by Cang in D:\ArtWork\Java代码库\res_repair)
2023-03-11 11:32:51.783  INFO 2340 --- [main] c.C.r.s.repair.ServiceRepairApplication  : The following profiles are active: dev
2023-03-11 11:32:52.517  INFO 2340 --- [main] .s.d.r.c.RepositoryConfigurationDelegate : Multiple Spring Data modules found, entering strict repository configuration mode!
2023-03-11 11:32:52.517  INFO 2340 --- [main] .s.d.r.c.RepositoryConfigurationDelegate : Bootstrapping Spring Data Redis repositories in DEFAULT mode.
2023-03-11 11:32:52.548  INFO 2340 --- [main] .s.d.r.c.RepositoryConfigurationDelegate : Finished Spring Data repository scanning in 11ms. Found 0 Redis repository interfaces.
2023-03-11 11:32:52.814  INFO 2340 --- [main] trationDelegate$BeanPostProcessorChecker : Bean 'org.springframework.transaction.annotation.ProxyTransactionManagementConfiguration' of type [org.springframework.transaction.annotation.ProxyTransactionManagementConfiguration] is not eligible for getting processed by all BeanPostProcessors (for example: not eligible for auto-proxying)
2023-03-11 11:32:53.080  INFO 2340 --- [main] o.s.b.w.embedded.tomcat.TomcatWebServer  : Tomcat initialized with port(s): 8110 (http)
2023-03-11 11:32:53.095  INFO 2340 --- [main] o.apache.catalina.core.StandardService   : Starting service [Tomcat]
2023-03-11 11:32:53.095  INFO 2340 --- [main] org.apache.catalina.core.StandardEngine  : Starting Servlet engine: [Apache Tomcat/9.0.29]
2023-03-11 11:32:53.095  INFO 2340 --- [main] o.a.catalina.core.AprLifecycleListener   : An older version [1.2.14] of the APR based Apache Tomcat Native library is installed, while Tomcat recommends a minimum version of [1.2.23]
2023-03-11 11:32:53.095  INFO 2340 --- [main] o.a.catalina.core.AprLifecycleListener   : Loaded APR based Apache Tomcat Native library [1.2.14] using APR version [1.6.2].
2023-03-11 11:32:53.095  INFO 2340 --- [main] o.a.catalina.core.AprLifecycleListener   : APR capabilities: IPv6 [true], sendfile [true], accept filters [false], random [true].
2023-03-11 11:32:53.095  INFO 2340 --- [main] o.a.catalina.core.AprLifecycleListener   : APR/OpenSSL configuration: useAprConnector [false], useOpenSSL [true]
2023-03-11 11:32:54.174  INFO 2340 --- [main] o.a.catalina.core.AprLifecycleListener   : OpenSSL successfully initialized [OpenSSL 1.0.2l  25 May 2017]
2023-03-11 11:32:54.267  INFO 2340 --- [main] o.a.c.c.C.[Tomcat].[localhost].[/]       : Initializing Spring embedded WebApplicationContext
2023-03-11 11:32:54.267  INFO 2340 --- [main] o.s.web.context.ContextLoader            : Root WebApplicationContext: initialization completed in 2438 ms
2023-03-11 11:32:55.439  INFO 2340 --- [main] pertySourcedRequestMappingHandlerMapping : Mapped URL path [/v2/api-docs] onto method [springfox.documentation.swagger2.web.Swagger2Controller#getDocumentation(String, HttpServletRequest)]
2023-03-11 11:32:55.533  INFO 2340 --- [main] o.s.s.concurrent.ThreadPoolTaskExecutor  : Initializing ExecutorService 'applicationTaskExecutor'
2023-03-11 11:32:55.893  INFO 2340 --- [main] d.s.w.p.DocumentationPluginsBootstrapper : Context refreshed
2023-03-11 11:32:55.893  INFO 2340 --- [main] d.s.w.p.DocumentationPluginsBootstrapper : Found 2 custom documentation plugin(s)
2023-03-11 11:32:55.924  INFO 2340 --- [main] s.d.s.w.s.ApiListingReferenceScanner     : Scanning for api listing references
2023-03-11 11:32:56.033  INFO 2340 --- [main] s.d.s.w.s.ApiListingReferenceScanner     : Scanning for api listing references
2023-03-11 11:32:56.065  INFO 2340 --- [main] o.s.b.w.embedded.tomcat.TomcatWebServer  : Tomcat started on port(s): 8110 (http) with context path ''
2023-03-11 11:32:56.065  INFO 2340 --- [main] c.C.r.s.repair.ServiceRepairApplication  : Started ServiceRepairApplication in 4.735 seconds (JVM running for 5.827)
2023-03-11 11:33:01.759  INFO 2340 --- [http-nio-8110-exec-1] o.a.c.c.C.[Tomcat].[localhost].[/]       : Initializing Spring DispatcherServlet 'dispatcherServlet'
2023-03-11 11:33:01.759  INFO 2340 --- [http-nio-8110-exec-1] o.s.web.servlet.DispatcherServlet        : Initializing Servlet 'dispatcherServlet'
2023-03-11 11:33:01.764  INFO 2340 --- [http-nio-8110-exec-1] o.s.web.servlet.DispatcherServlet        : Completed initialization in 5 ms
2023-03-11 11:33:43.216  INFO 2340 --- [http-nio-8110-exec-9] com.zaxxer.hikari.HikariDataSource       : HikariPool-1 - Starting...
2023-03-11 11:33:43.548  INFO 2340 --- [http-nio-8110-exec-9] com.zaxxer.hikari.HikariDataSource       : HikariPool-1 - Start completed.
2023-03-11 11:35:39.760  INFO 2340 --- [SpringContextShutdownHook] o.s.s.concurrent.ThreadPoolTaskExecutor  : Shutting down ExecutorService 'applicationTaskExecutor'
2023-03-11 11:35:39.760  INFO 2340 --- [SpringContextShutdownHook] com.zaxxer.hikari.HikariDataSource       : HikariPool-1 - Shutdown initiated...
2023-03-11 11:35:39.776  INFO 2340 --- [SpringContextShutdownHook] com.zaxxer.hikari.HikariDataSource       : HikariPool-1 - Shutdown completed.
2023-03-11 12:38:33.745  INFO 13060 --- [main] c.C.r.s.repair.ServiceRepairApplication  : Starting ServiceRepairApplication on Cang with PID 13060 (D:\ArtWork\Java代码库\res_repair\service\service_repair\target\classes started by Cang in D:\ArtWork\Java代码库\res_repair)
2023-03-11 12:38:33.748  INFO 13060 --- [main] c.C.r.s.repair.ServiceRepairApplication  : The following profiles are active: dev
2023-03-11 12:38:34.470  INFO 13060 --- [main] .s.d.r.c.RepositoryConfigurationDelegate : Multiple Spring Data modules found, entering strict repository configuration mode!
2023-03-11 12:38:34.472  INFO 13060 --- [main] .s.d.r.c.RepositoryConfigurationDelegate : Bootstrapping Spring Data Redis repositories in DEFAULT mode.
2023-03-11 12:38:34.493  INFO 13060 --- [main] .s.d.r.c.RepositoryConfigurationDelegate : Finished Spring Data repository scanning in 10ms. Found 0 Redis repository interfaces.
2023-03-11 12:38:34.787  INFO 13060 --- [main] trationDelegate$BeanPostProcessorChecker : Bean 'org.springframework.transaction.annotation.ProxyTransactionManagementConfiguration' of type [org.springframework.transaction.annotation.ProxyTransactionManagementConfiguration] is not eligible for getting processed by all BeanPostProcessors (for example: not eligible for auto-proxying)
2023-03-11 12:38:35.017  INFO 13060 --- [main] o.s.b.w.embedded.tomcat.TomcatWebServer  : Tomcat initialized with port(s): 8110 (http)
2023-03-11 12:38:35.026  INFO 13060 --- [main] o.apache.catalina.core.StandardService   : Starting service [Tomcat]
2023-03-11 12:38:35.026  INFO 13060 --- [main] org.apache.catalina.core.StandardEngine  : Starting Servlet engine: [Apache Tomcat/9.0.29]
2023-03-11 12:38:35.027  INFO 13060 --- [main] o.a.catalina.core.AprLifecycleListener   : An older version [1.2.14] of the APR based Apache Tomcat Native library is installed, while Tomcat recommends a minimum version of [1.2.23]
2023-03-11 12:38:35.028  INFO 13060 --- [main] o.a.catalina.core.AprLifecycleListener   : Loaded APR based Apache Tomcat Native library [1.2.14] using APR version [1.6.2].
2023-03-11 12:38:35.028  INFO 13060 --- [main] o.a.catalina.core.AprLifecycleListener   : APR capabilities: IPv6 [true], sendfile [true], accept filters [false], random [true].
2023-03-11 12:38:35.028  INFO 13060 --- [main] o.a.catalina.core.AprLifecycleListener   : APR/OpenSSL configuration: useAprConnector [false], useOpenSSL [true]
2023-03-11 12:38:36.061  INFO 13060 --- [main] o.a.catalina.core.AprLifecycleListener   : OpenSSL successfully initialized [OpenSSL 1.0.2l  25 May 2017]
2023-03-11 12:38:36.136  INFO 13060 --- [main] o.a.c.c.C.[Tomcat].[localhost].[/]       : Initializing Spring embedded WebApplicationContext
2023-03-11 12:38:36.136  INFO 13060 --- [main] o.s.web.context.ContextLoader            : Root WebApplicationContext: initialization completed in 2351 ms
2023-03-11 12:38:37.597  INFO 13060 --- [main] pertySourcedRequestMappingHandlerMapping : Mapped URL path [/v2/api-docs] onto method [springfox.documentation.swagger2.web.Swagger2Controller#getDocumentation(String, HttpServletRequest)]
2023-03-11 12:38:37.678  INFO 13060 --- [main] o.s.s.concurrent.ThreadPoolTaskExecutor  : Initializing ExecutorService 'applicationTaskExecutor'
2023-03-11 12:38:37.987  INFO 13060 --- [main] d.s.w.p.DocumentationPluginsBootstrapper : Context refreshed
2023-03-11 12:38:37.998  INFO 13060 --- [main] d.s.w.p.DocumentationPluginsBootstrapper : Found 2 custom documentation plugin(s)
2023-03-11 12:38:38.022  INFO 13060 --- [main] s.d.s.w.s.ApiListingReferenceScanner     : Scanning for api listing references
2023-03-11 12:38:38.140  INFO 13060 --- [main] s.d.s.w.s.ApiListingReferenceScanner     : Scanning for api listing references
2023-03-11 12:38:38.167  INFO 13060 --- [main] o.s.b.w.embedded.tomcat.TomcatWebServer  : Tomcat started on port(s): 8110 (http) with context path ''
2023-03-11 12:38:38.171  INFO 13060 --- [main] c.C.r.s.repair.ServiceRepairApplication  : Started ServiceRepairApplication in 4.948 seconds (JVM running for 6.316)
2023-03-11 12:38:50.417  INFO 13060 --- [http-nio-8110-exec-4] o.a.c.c.C.[Tomcat].[localhost].[/]       : Initializing Spring DispatcherServlet 'dispatcherServlet'
2023-03-11 12:38:50.417  INFO 13060 --- [http-nio-8110-exec-4] o.s.web.servlet.DispatcherServlet        : Initializing Servlet 'dispatcherServlet'
2023-03-11 12:38:50.423  INFO 13060 --- [http-nio-8110-exec-4] o.s.web.servlet.DispatcherServlet        : Completed initialization in 6 ms
2023-03-11 12:39:56.050  INFO 13060 --- [http-nio-8110-exec-2] com.zaxxer.hikari.HikariDataSource       : HikariPool-1 - Starting...
2023-03-11 12:39:56.306  INFO 13060 --- [http-nio-8110-exec-2] com.zaxxer.hikari.HikariDataSource       : HikariPool-1 - Start completed.
2023-03-11 12:41:34.717  INFO 13060 --- [SpringContextShutdownHook] o.s.s.concurrent.ThreadPoolTaskExecutor  : Shutting down ExecutorService 'applicationTaskExecutor'
2023-03-11 12:41:34.718  INFO 13060 --- [SpringContextShutdownHook] com.zaxxer.hikari.HikariDataSource       : HikariPool-1 - Shutdown initiated...
2023-03-11 12:41:34.727  INFO 13060 --- [SpringContextShutdownHook] com.zaxxer.hikari.HikariDataSource       : HikariPool-1 - Shutdown completed.
2023-03-11 15:34:55.045  INFO 21972 --- [main] c.C.r.s.repair.ServiceRepairApplication  : Starting ServiceRepairApplication on Cang with PID 21972 (D:\ArtWork\Java代码库\res_repair\service\service_repair\target\classes started by Cang in D:\ArtWork\Java代码库\res_repair)
2023-03-11 15:34:55.055  INFO 21972 --- [main] c.C.r.s.repair.ServiceRepairApplication  : The following profiles are active: dev
2023-03-11 15:34:55.815  INFO 21972 --- [main] .s.d.r.c.RepositoryConfigurationDelegate : Multiple Spring Data modules found, entering strict repository configuration mode!
2023-03-11 15:34:55.815  INFO 21972 --- [main] .s.d.r.c.RepositoryConfigurationDelegate : Bootstrapping Spring Data Redis repositories in DEFAULT mode.
2023-03-11 15:34:55.835  INFO 21972 --- [main] .s.d.r.c.RepositoryConfigurationDelegate : Finished Spring Data repository scanning in 10ms. Found 0 Redis repository interfaces.
2023-03-11 15:34:56.075  INFO 21972 --- [main] trationDelegate$BeanPostProcessorChecker : Bean 'org.springframework.transaction.annotation.ProxyTransactionManagementConfiguration' of type [org.springframework.transaction.annotation.ProxyTransactionManagementConfiguration] is not eligible for getting processed by all BeanPostProcessors (for example: not eligible for auto-proxying)
2023-03-11 15:34:56.325  INFO 21972 --- [main] o.s.b.w.embedded.tomcat.TomcatWebServer  : Tomcat initialized with port(s): 8110 (http)
2023-03-11 15:34:56.335  INFO 21972 --- [main] o.apache.catalina.core.StandardService   : Starting service [Tomcat]
2023-03-11 15:34:56.335  INFO 21972 --- [main] org.apache.catalina.core.StandardEngine  : Starting Servlet engine: [Apache Tomcat/9.0.29]
2023-03-11 15:34:56.345  INFO 21972 --- [main] o.a.catalina.core.AprLifecycleListener   : An older version [1.2.14] of the APR based Apache Tomcat Native library is installed, while Tomcat recommends a minimum version of [1.2.23]
2023-03-11 15:34:56.345  INFO 21972 --- [main] o.a.catalina.core.AprLifecycleListener   : Loaded APR based Apache Tomcat Native library [1.2.14] using APR version [1.6.2].
2023-03-11 15:34:56.345  INFO 21972 --- [main] o.a.catalina.core.AprLifecycleListener   : APR capabilities: IPv6 [true], sendfile [true], accept filters [false], random [true].
2023-03-11 15:34:56.345  INFO 21972 --- [main] o.a.catalina.core.AprLifecycleListener   : APR/OpenSSL configuration: useAprConnector [false], useOpenSSL [true]
2023-03-11 15:34:57.387  INFO 21972 --- [main] o.a.catalina.core.AprLifecycleListener   : OpenSSL successfully initialized [OpenSSL 1.0.2l  25 May 2017]
2023-03-11 15:34:57.497  INFO 21972 --- [main] o.a.c.c.C.[Tomcat].[localhost].[/]       : Initializing Spring embedded WebApplicationContext
2023-03-11 15:34:57.497  INFO 21972 --- [main] o.s.web.context.ContextLoader            : Root WebApplicationContext: initialization completed in 2412 ms
2023-03-11 15:34:58.797  INFO 21972 --- [main] pertySourcedRequestMappingHandlerMapping : Mapped URL path [/v2/api-docs] onto method [springfox.documentation.swagger2.web.Swagger2Controller#getDocumentation(String, HttpServletRequest)]
2023-03-11 15:34:58.877  INFO 21972 --- [main] o.s.s.concurrent.ThreadPoolTaskExecutor  : Initializing ExecutorService 'applicationTaskExecutor'
2023-03-11 15:34:59.237  INFO 21972 --- [main] d.s.w.p.DocumentationPluginsBootstrapper : Context refreshed
2023-03-11 15:34:59.257  INFO 21972 --- [main] d.s.w.p.DocumentationPluginsBootstrapper : Found 2 custom documentation plugin(s)
2023-03-11 15:34:59.278  INFO 21972 --- [main] s.d.s.w.s.ApiListingReferenceScanner     : Scanning for api listing references
2023-03-11 15:34:59.397  INFO 21972 --- [main] .d.s.w.r.o.CachingOperationNameGenerator : Generating unique operation named: getByIdUsingGET_1
2023-03-11 15:34:59.407  INFO 21972 --- [main] .d.s.w.r.o.CachingOperationNameGenerator : Generating unique operation named: removeByIdUsingDELETE_1
2023-03-11 15:34:59.427  INFO 21972 --- [main] s.d.s.w.s.ApiListingReferenceScanner     : Scanning for api listing references
2023-03-11 15:34:59.447  INFO 21972 --- [main] o.s.b.w.embedded.tomcat.TomcatWebServer  : Tomcat started on port(s): 8110 (http) with context path ''
2023-03-11 15:34:59.457  INFO 21972 --- [main] c.C.r.s.repair.ServiceRepairApplication  : Started ServiceRepairApplication in 4.862 seconds (JVM running for 6.044)
2023-03-11 15:35:08.082  INFO 21972 --- [http-nio-8110-exec-1] o.a.c.c.C.[Tomcat].[localhost].[/]       : Initializing Spring DispatcherServlet 'dispatcherServlet'
2023-03-11 15:35:08.082  INFO 21972 --- [http-nio-8110-exec-1] o.s.web.servlet.DispatcherServlet        : Initializing Servlet 'dispatcherServlet'
2023-03-11 15:35:08.088  INFO 21972 --- [http-nio-8110-exec-1] o.s.web.servlet.DispatcherServlet        : Completed initialization in 6 ms
2023-03-11 15:35:15.188  INFO 21972 --- [http-nio-8110-exec-7] com.zaxxer.hikari.HikariDataSource       : HikariPool-1 - Starting...
2023-03-11 15:35:15.544  INFO 21972 --- [http-nio-8110-exec-7] com.zaxxer.hikari.HikariDataSource       : HikariPool-1 - Start completed.
2023-03-11 16:40:43.598  INFO 21972 --- [SpringContextShutdownHook] o.s.s.concurrent.ThreadPoolTaskExecutor  : Shutting down ExecutorService 'applicationTaskExecutor'
2023-03-11 16:40:43.598  INFO 21972 --- [SpringContextShutdownHook] com.zaxxer.hikari.HikariDataSource       : HikariPool-1 - Shutdown initiated...
2023-03-11 16:40:43.608  INFO 21972 --- [SpringContextShutdownHook] com.zaxxer.hikari.HikariDataSource       : HikariPool-1 - Shutdown completed.
2023-03-11 16:40:49.047  INFO 30200 --- [main] c.C.r.s.repair.ServiceRepairApplication  : Starting ServiceRepairApplication on Cang with PID 30200 (D:\ArtWork\Java代码库\res_repair\service\service_repair\target\classes started by Cang in D:\ArtWork\Java代码库\res_repair)
2023-03-11 16:40:49.047  INFO 30200 --- [main] c.C.r.s.repair.ServiceRepairApplication  : The following profiles are active: dev
2023-03-11 16:40:49.727  INFO 30200 --- [main] .s.d.r.c.RepositoryConfigurationDelegate : Multiple Spring Data modules found, entering strict repository configuration mode!
2023-03-11 16:40:49.727  INFO 30200 --- [main] .s.d.r.c.RepositoryConfigurationDelegate : Bootstrapping Spring Data Redis repositories in DEFAULT mode.
2023-03-11 16:40:49.747  INFO 30200 --- [main] .s.d.r.c.RepositoryConfigurationDelegate : Finished Spring Data repository scanning in 9ms. Found 0 Redis repository interfaces.
2023-03-11 16:40:49.977  INFO 30200 --- [main] trationDelegate$BeanPostProcessorChecker : Bean 'org.springframework.transaction.annotation.ProxyTransactionManagementConfiguration' of type [org.springframework.transaction.annotation.ProxyTransactionManagementConfiguration] is not eligible for getting processed by all BeanPostProcessors (for example: not eligible for auto-proxying)
2023-03-11 16:40:50.177  INFO 30200 --- [main] o.s.b.w.embedded.tomcat.TomcatWebServer  : Tomcat initialized with port(s): 8110 (http)
2023-03-11 16:40:50.187  INFO 30200 --- [main] o.apache.catalina.core.StandardService   : Starting service [Tomcat]
2023-03-11 16:40:50.187  INFO 30200 --- [main] org.apache.catalina.core.StandardEngine  : Starting Servlet engine: [Apache Tomcat/9.0.29]
2023-03-11 16:40:50.187  INFO 30200 --- [main] o.a.catalina.core.AprLifecycleListener   : An older version [1.2.14] of the APR based Apache Tomcat Native library is installed, while Tomcat recommends a minimum version of [1.2.23]
2023-03-11 16:40:50.187  INFO 30200 --- [main] o.a.catalina.core.AprLifecycleListener   : Loaded APR based Apache Tomcat Native library [1.2.14] using APR version [1.6.2].
2023-03-11 16:40:50.187  INFO 30200 --- [main] o.a.catalina.core.AprLifecycleListener   : APR capabilities: IPv6 [true], sendfile [true], accept filters [false], random [true].
2023-03-11 16:40:50.187  INFO 30200 --- [main] o.a.catalina.core.AprLifecycleListener   : APR/OpenSSL configuration: useAprConnector [false], useOpenSSL [true]
2023-03-11 16:40:51.232  INFO 30200 --- [main] o.a.catalina.core.AprLifecycleListener   : OpenSSL successfully initialized [OpenSSL 1.0.2l  25 May 2017]
2023-03-11 16:40:51.302  INFO 30200 --- [main] o.a.c.c.C.[Tomcat].[localhost].[/]       : Initializing Spring embedded WebApplicationContext
2023-03-11 16:40:51.302  INFO 30200 --- [main] o.s.web.context.ContextLoader            : Root WebApplicationContext: initialization completed in 2225 ms
2023-03-11 16:40:52.493  INFO 30200 --- [main] pertySourcedRequestMappingHandlerMapping : Mapped URL path [/v2/api-docs] onto method [springfox.documentation.swagger2.web.Swagger2Controller#getDocumentation(String, HttpServletRequest)]
2023-03-11 16:40:52.583  INFO 30200 --- [main] o.s.s.concurrent.ThreadPoolTaskExecutor  : Initializing ExecutorService 'applicationTaskExecutor'
2023-03-11 16:40:52.903  INFO 30200 --- [main] d.s.w.p.DocumentationPluginsBootstrapper : Context refreshed
2023-03-11 16:40:52.913  INFO 30200 --- [main] d.s.w.p.DocumentationPluginsBootstrapper : Found 2 custom documentation plugin(s)
2023-03-11 16:40:52.933  INFO 30200 --- [main] s.d.s.w.s.ApiListingReferenceScanner     : Scanning for api listing references
2023-03-11 16:40:53.043  INFO 30200 --- [main] .d.s.w.r.o.CachingOperationNameGenerator : Generating unique operation named: getByIdUsingGET_1
2023-03-11 16:40:53.043  INFO 30200 --- [main] .d.s.w.r.o.CachingOperationNameGenerator : Generating unique operation named: removeByIdUsingDELETE_1
2023-03-11 16:40:53.063  INFO 30200 --- [main] s.d.s.w.s.ApiListingReferenceScanner     : Scanning for api listing references
2023-03-11 16:40:53.093  INFO 30200 --- [main] o.s.b.w.embedded.tomcat.TomcatWebServer  : Tomcat started on port(s): 8110 (http) with context path ''
2023-03-11 16:40:53.093  INFO 30200 --- [main] c.C.r.s.repair.ServiceRepairApplication  : Started ServiceRepairApplication in 4.534 seconds (JVM running for 5.831)
2023-03-11 16:40:57.918  INFO 30200 --- [http-nio-8110-exec-1] o.a.c.c.C.[Tomcat].[localhost].[/]       : Initializing Spring DispatcherServlet 'dispatcherServlet'
2023-03-11 16:40:57.918  INFO 30200 --- [http-nio-8110-exec-1] o.s.web.servlet.DispatcherServlet        : Initializing Servlet 'dispatcherServlet'
2023-03-11 16:40:57.918  INFO 30200 --- [http-nio-8110-exec-1] o.s.web.servlet.DispatcherServlet        : Completed initialization in 0 ms
2023-03-11 16:50:05.831  INFO 30200 --- [http-nio-8110-exec-9] com.zaxxer.hikari.HikariDataSource       : HikariPool-1 - Starting...
2023-03-11 16:50:06.145  INFO 30200 --- [http-nio-8110-exec-9] com.zaxxer.hikari.HikariDataSource       : HikariPool-1 - Start completed.
2023-03-11 16:50:27.048  INFO 30200 --- [SpringContextShutdownHook] o.s.s.concurrent.ThreadPoolTaskExecutor  : Shutting down ExecutorService 'applicationTaskExecutor'
2023-03-11 16:50:27.048  INFO 30200 --- [SpringContextShutdownHook] com.zaxxer.hikari.HikariDataSource       : HikariPool-1 - Shutdown initiated...
2023-03-11 16:50:27.058  INFO 30200 --- [SpringContextShutdownHook] com.zaxxer.hikari.HikariDataSource       : HikariPool-1 - Shutdown completed.
2023-03-11 16:50:32.707  INFO 28860 --- [main] c.C.r.s.repair.ServiceRepairApplication  : Starting ServiceRepairApplication on Cang with PID 28860 (D:\ArtWork\Java代码库\res_repair\service\service_repair\target\classes started by Cang in D:\ArtWork\Java代码库\res_repair)
2023-03-11 16:50:32.707  INFO 28860 --- [main] c.C.r.s.repair.ServiceRepairApplication  : The following profiles are active: dev
2023-03-11 16:50:33.427  INFO 28860 --- [main] .s.d.r.c.RepositoryConfigurationDelegate : Multiple Spring Data modules found, entering strict repository configuration mode!
2023-03-11 16:50:33.427  INFO 28860 --- [main] .s.d.r.c.RepositoryConfigurationDelegate : Bootstrapping Spring Data Redis repositories in DEFAULT mode.
2023-03-11 16:50:33.447  INFO 28860 --- [main] .s.d.r.c.RepositoryConfigurationDelegate : Finished Spring Data repository scanning in 10ms. Found 0 Redis repository interfaces.
2023-03-11 16:50:33.667  INFO 28860 --- [main] trationDelegate$BeanPostProcessorChecker : Bean 'org.springframework.transaction.annotation.ProxyTransactionManagementConfiguration' of type [org.springframework.transaction.annotation.ProxyTransactionManagementConfiguration] is not eligible for getting processed by all BeanPostProcessors (for example: not eligible for auto-proxying)
2023-03-11 16:50:33.887  INFO 28860 --- [main] o.s.b.w.embedded.tomcat.TomcatWebServer  : Tomcat initialized with port(s): 8110 (http)
2023-03-11 16:50:33.897  INFO 28860 --- [main] o.apache.catalina.core.StandardService   : Starting service [Tomcat]
2023-03-11 16:50:33.897  INFO 28860 --- [main] org.apache.catalina.core.StandardEngine  : Starting Servlet engine: [Apache Tomcat/9.0.29]
2023-03-11 16:50:33.897  INFO 28860 --- [main] o.a.catalina.core.AprLifecycleListener   : An older version [1.2.14] of the APR based Apache Tomcat Native library is installed, while Tomcat recommends a minimum version of [1.2.23]
2023-03-11 16:50:33.897  INFO 28860 --- [main] o.a.catalina.core.AprLifecycleListener   : Loaded APR based Apache Tomcat Native library [1.2.14] using APR version [1.6.2].
2023-03-11 16:50:33.897  INFO 28860 --- [main] o.a.catalina.core.AprLifecycleListener   : APR capabilities: IPv6 [true], sendfile [true], accept filters [false], random [true].
2023-03-11 16:50:33.897  INFO 28860 --- [main] o.a.catalina.core.AprLifecycleListener   : APR/OpenSSL configuration: useAprConnector [false], useOpenSSL [true]
2023-03-11 16:50:34.943  INFO 28860 --- [main] o.a.catalina.core.AprLifecycleListener   : OpenSSL successfully initialized [OpenSSL 1.0.2l  25 May 2017]
2023-03-11 16:50:35.033  INFO 28860 --- [main] o.a.c.c.C.[Tomcat].[localhost].[/]       : Initializing Spring embedded WebApplicationContext
2023-03-11 16:50:35.033  INFO 28860 --- [main] o.s.web.context.ContextLoader            : Root WebApplicationContext: initialization completed in 2296 ms
2023-03-11 16:50:36.324  INFO 28860 --- [main] pertySourcedRequestMappingHandlerMapping : Mapped URL path [/v2/api-docs] onto method [springfox.documentation.swagger2.web.Swagger2Controller#getDocumentation(String, HttpServletRequest)]
2023-03-11 16:50:36.424  INFO 28860 --- [main] o.s.s.concurrent.ThreadPoolTaskExecutor  : Initializing ExecutorService 'applicationTaskExecutor'
2023-03-11 16:50:36.784  INFO 28860 --- [main] d.s.w.p.DocumentationPluginsBootstrapper : Context refreshed
2023-03-11 16:50:36.794  INFO 28860 --- [main] d.s.w.p.DocumentationPluginsBootstrapper : Found 2 custom documentation plugin(s)
2023-03-11 16:50:36.814  INFO 28860 --- [main] s.d.s.w.s.ApiListingReferenceScanner     : Scanning for api listing references
2023-03-11 16:50:36.924  INFO 28860 --- [main] .d.s.w.r.o.CachingOperationNameGenerator : Generating unique operation named: getByIdUsingGET_1
2023-03-11 16:50:36.934  INFO 28860 --- [main] .d.s.w.r.o.CachingOperationNameGenerator : Generating unique operation named: removeByIdUsingDELETE_1
2023-03-11 16:50:36.944  INFO 28860 --- [main] s.d.s.w.s.ApiListingReferenceScanner     : Scanning for api listing references
2023-03-11 16:50:36.974  INFO 28860 --- [main] o.s.b.w.embedded.tomcat.TomcatWebServer  : Tomcat started on port(s): 8110 (http) with context path ''
2023-03-11 16:50:36.984  INFO 28860 --- [main] c.C.r.s.repair.ServiceRepairApplication  : Started ServiceRepairApplication in 4.747 seconds (JVM running for 6.014)
2023-03-11 16:50:59.048  INFO 28860 --- [http-nio-8110-exec-1] o.a.c.c.C.[Tomcat].[localhost].[/]       : Initializing Spring DispatcherServlet 'dispatcherServlet'
2023-03-11 16:50:59.049  INFO 28860 --- [http-nio-8110-exec-1] o.s.web.servlet.DispatcherServlet        : Initializing Servlet 'dispatcherServlet'
2023-03-11 16:50:59.061  INFO 28860 --- [http-nio-8110-exec-1] o.s.web.servlet.DispatcherServlet        : Completed initialization in 12 ms
2023-03-11 16:50:59.252  INFO 28860 --- [http-nio-8110-exec-4] com.zaxxer.hikari.HikariDataSource       : HikariPool-1 - Starting...
2023-03-11 16:50:59.511  INFO 28860 --- [http-nio-8110-exec-4] com.zaxxer.hikari.HikariDataSource       : HikariPool-1 - Start completed.
2023-03-11 17:43:51.280  INFO 28860 --- [SpringContextShutdownHook] o.s.s.concurrent.ThreadPoolTaskExecutor  : Shutting down ExecutorService 'applicationTaskExecutor'
2023-03-11 17:43:51.280  INFO 28860 --- [SpringContextShutdownHook] com.zaxxer.hikari.HikariDataSource       : HikariPool-1 - Shutdown initiated...
2023-03-11 17:43:51.290  INFO 28860 --- [SpringContextShutdownHook] com.zaxxer.hikari.HikariDataSource       : HikariPool-1 - Shutdown completed.
2023-03-11 17:43:58.240  INFO 4032 --- [main] c.C.r.s.repair.ServiceRepairApplication  : Starting ServiceRepairApplication on Cang with PID 4032 (D:\ArtWork\Java代码库\res_repair\service\service_repair\target\classes started by Cang in D:\ArtWork\Java代码库\res_repair)
2023-03-11 17:43:58.240  INFO 4032 --- [main] c.C.r.s.repair.ServiceRepairApplication  : The following profiles are active: dev
2023-03-11 17:43:58.990  INFO 4032 --- [main] .s.d.r.c.RepositoryConfigurationDelegate : Multiple Spring Data modules found, entering strict repository configuration mode!
2023-03-11 17:43:58.990  INFO 4032 --- [main] .s.d.r.c.RepositoryConfigurationDelegate : Bootstrapping Spring Data Redis repositories in DEFAULT mode.
2023-03-11 17:43:59.010  INFO 4032 --- [main] .s.d.r.c.RepositoryConfigurationDelegate : Finished Spring Data repository scanning in 10ms. Found 0 Redis repository interfaces.
2023-03-11 17:43:59.250  INFO 4032 --- [main] trationDelegate$BeanPostProcessorChecker : Bean 'org.springframework.transaction.annotation.ProxyTransactionManagementConfiguration' of type [org.springframework.transaction.annotation.ProxyTransactionManagementConfiguration] is not eligible for getting processed by all BeanPostProcessors (for example: not eligible for auto-proxying)
2023-03-11 17:43:59.440  INFO 4032 --- [main] o.s.b.w.embedded.tomcat.TomcatWebServer  : Tomcat initialized with port(s): 8110 (http)
2023-03-11 17:43:59.450  INFO 4032 --- [main] o.apache.catalina.core.StandardService   : Starting service [Tomcat]
2023-03-11 17:43:59.450  INFO 4032 --- [main] org.apache.catalina.core.StandardEngine  : Starting Servlet engine: [Apache Tomcat/9.0.29]
2023-03-11 17:43:59.450  INFO 4032 --- [main] o.a.catalina.core.AprLifecycleListener   : An older version [1.2.14] of the APR based Apache Tomcat Native library is installed, while Tomcat recommends a minimum version of [1.2.23]
2023-03-11 17:43:59.450  INFO 4032 --- [main] o.a.catalina.core.AprLifecycleListener   : Loaded APR based Apache Tomcat Native library [1.2.14] using APR version [1.6.2].
2023-03-11 17:43:59.450  INFO 4032 --- [main] o.a.catalina.core.AprLifecycleListener   : APR capabilities: IPv6 [true], sendfile [true], accept filters [false], random [true].
2023-03-11 17:43:59.450  INFO 4032 --- [main] o.a.catalina.core.AprLifecycleListener   : APR/OpenSSL configuration: useAprConnector [false], useOpenSSL [true]
2023-03-11 17:44:00.486  INFO 4032 --- [main] o.a.catalina.core.AprLifecycleListener   : OpenSSL successfully initialized [OpenSSL 1.0.2l  25 May 2017]
2023-03-11 17:44:00.566  INFO 4032 --- [main] o.a.c.c.C.[Tomcat].[localhost].[/]       : Initializing Spring embedded WebApplicationContext
2023-03-11 17:44:00.566  INFO 4032 --- [main] o.s.web.context.ContextLoader            : Root WebApplicationContext: initialization completed in 2286 ms
2023-03-11 17:44:01.772  INFO 4032 --- [main] pertySourcedRequestMappingHandlerMapping : Mapped URL path [/v2/api-docs] onto method [springfox.documentation.swagger2.web.Swagger2Controller#getDocumentation(String, HttpServletRequest)]
2023-03-11 17:44:01.842  INFO 4032 --- [main] o.s.s.concurrent.ThreadPoolTaskExecutor  : Initializing ExecutorService 'applicationTaskExecutor'
2023-03-11 17:44:02.142  INFO 4032 --- [main] d.s.w.p.DocumentationPluginsBootstrapper : Context refreshed
2023-03-11 17:44:02.152  INFO 4032 --- [main] d.s.w.p.DocumentationPluginsBootstrapper : Found 2 custom documentation plugin(s)
2023-03-11 17:44:02.182  INFO 4032 --- [main] s.d.s.w.s.ApiListingReferenceScanner     : Scanning for api listing references
2023-03-11 17:44:02.282  INFO 4032 --- [main] .d.s.w.r.o.CachingOperationNameGenerator : Generating unique operation named: getByIdUsingGET_1
2023-03-11 17:44:02.302  INFO 4032 --- [main] .d.s.w.r.o.CachingOperationNameGenerator : Generating unique operation named: removeByIdUsingDELETE_1
2023-03-11 17:44:02.312  INFO 4032 --- [main] s.d.s.w.s.ApiListingReferenceScanner     : Scanning for api listing references
2023-03-11 17:44:02.342  INFO 4032 --- [main] o.s.b.w.embedded.tomcat.TomcatWebServer  : Tomcat started on port(s): 8110 (http) with context path ''
2023-03-11 17:44:02.342  INFO 4032 --- [main] c.C.r.s.repair.ServiceRepairApplication  : Started ServiceRepairApplication in 4.608 seconds (JVM running for 6.014)
2023-03-11 17:44:09.717  INFO 4032 --- [http-nio-8110-exec-1] o.a.c.c.C.[Tomcat].[localhost].[/]       : Initializing Spring DispatcherServlet 'dispatcherServlet'
2023-03-11 17:44:09.718  INFO 4032 --- [http-nio-8110-exec-1] o.s.web.servlet.DispatcherServlet        : Initializing Servlet 'dispatcherServlet'
2023-03-11 17:44:09.724  INFO 4032 --- [http-nio-8110-exec-1] o.s.web.servlet.DispatcherServlet        : Completed initialization in 6 ms
2023-03-11 17:45:08.594  INFO 4032 --- [SpringContextShutdownHook] o.s.s.concurrent.ThreadPoolTaskExecutor  : Shutting down ExecutorService 'applicationTaskExecutor'
2023-03-11 17:47:11.708  INFO 27588 --- [main] c.C.r.s.repair.ServiceRepairApplication  : Starting ServiceRepairApplication on Cang with PID 27588 (D:\ArtWork\Java代码库\res_repair\service\service_repair\target\classes started by Cang in D:\ArtWork\Java代码库\res_repair)
2023-03-11 17:47:11.708  INFO 27588 --- [main] c.C.r.s.repair.ServiceRepairApplication  : The following profiles are active: dev
2023-03-11 17:47:12.438  INFO 27588 --- [main] .s.d.r.c.RepositoryConfigurationDelegate : Multiple Spring Data modules found, entering strict repository configuration mode!
2023-03-11 17:47:12.438  INFO 27588 --- [main] .s.d.r.c.RepositoryConfigurationDelegate : Bootstrapping Spring Data Redis repositories in DEFAULT mode.
2023-03-11 17:47:12.458  INFO 27588 --- [main] .s.d.r.c.RepositoryConfigurationDelegate : Finished Spring Data repository scanning in 10ms. Found 0 Redis repository interfaces.
2023-03-11 17:47:12.688  INFO 27588 --- [main] trationDelegate$BeanPostProcessorChecker : Bean 'org.springframework.transaction.annotation.ProxyTransactionManagementConfiguration' of type [org.springframework.transaction.annotation.ProxyTransactionManagementConfiguration] is not eligible for getting processed by all BeanPostProcessors (for example: not eligible for auto-proxying)
2023-03-11 17:47:12.908  INFO 27588 --- [main] o.s.b.w.embedded.tomcat.TomcatWebServer  : Tomcat initialized with port(s): 8110 (http)
2023-03-11 17:47:12.918  INFO 27588 --- [main] o.apache.catalina.core.StandardService   : Starting service [Tomcat]
2023-03-11 17:47:12.918  INFO 27588 --- [main] org.apache.catalina.core.StandardEngine  : Starting Servlet engine: [Apache Tomcat/9.0.29]
2023-03-11 17:47:12.918  INFO 27588 --- [main] o.a.catalina.core.AprLifecycleListener   : An older version [1.2.14] of the APR based Apache Tomcat Native library is installed, while Tomcat recommends a minimum version of [1.2.23]
2023-03-11 17:47:12.918  INFO 27588 --- [main] o.a.catalina.core.AprLifecycleListener   : Loaded APR based Apache Tomcat Native library [1.2.14] using APR version [1.6.2].
2023-03-11 17:47:12.918  INFO 27588 --- [main] o.a.catalina.core.AprLifecycleListener   : APR capabilities: IPv6 [true], sendfile [true], accept filters [false], random [true].
2023-03-11 17:47:12.918  INFO 27588 --- [main] o.a.catalina.core.AprLifecycleListener   : APR/OpenSSL configuration: useAprConnector [false], useOpenSSL [true]
2023-03-11 17:47:13.968  INFO 27588 --- [main] o.a.catalina.core.AprLifecycleListener   : OpenSSL successfully initialized [OpenSSL 1.0.2l  25 May 2017]
2023-03-11 17:47:14.059  INFO 27588 --- [main] o.a.c.c.C.[Tomcat].[localhost].[/]       : Initializing Spring embedded WebApplicationContext
2023-03-11 17:47:14.059  INFO 27588 --- [main] o.s.web.context.ContextLoader            : Root WebApplicationContext: initialization completed in 2321 ms
2023-03-11 17:47:15.232  INFO 27588 --- [main] pertySourcedRequestMappingHandlerMapping : Mapped URL path [/v2/api-docs] onto method [springfox.documentation.swagger2.web.Swagger2Controller#getDocumentation(String, HttpServletRequest)]
2023-03-11 17:47:15.332  INFO 27588 --- [main] o.s.s.concurrent.ThreadPoolTaskExecutor  : Initializing ExecutorService 'applicationTaskExecutor'
2023-03-11 17:47:15.642  INFO 27588 --- [main] d.s.w.p.DocumentationPluginsBootstrapper : Context refreshed
2023-03-11 17:47:15.652  INFO 27588 --- [main] d.s.w.p.DocumentationPluginsBootstrapper : Found 2 custom documentation plugin(s)
2023-03-11 17:47:15.682  INFO 27588 --- [main] s.d.s.w.s.ApiListingReferenceScanner     : Scanning for api listing references
2023-03-11 17:47:15.782  INFO 27588 --- [main] .d.s.w.r.o.CachingOperationNameGenerator : Generating unique operation named: getByIdUsingGET_1
2023-03-11 17:47:15.792  INFO 27588 --- [main] .d.s.w.r.o.CachingOperationNameGenerator : Generating unique operation named: removeByIdUsingDELETE_1
2023-03-11 17:47:15.812  INFO 27588 --- [main] s.d.s.w.s.ApiListingReferenceScanner     : Scanning for api listing references
2023-03-11 17:47:15.842  INFO 27588 --- [main] o.s.b.w.embedded.tomcat.TomcatWebServer  : Tomcat started on port(s): 8110 (http) with context path ''
2023-03-11 17:47:15.842  INFO 27588 --- [main] c.C.r.s.repair.ServiceRepairApplication  : Started ServiceRepairApplication in 4.575 seconds (JVM running for 5.73)
2023-03-11 17:47:19.581  INFO 27588 --- [http-nio-8110-exec-1] o.a.c.c.C.[Tomcat].[localhost].[/]       : Initializing Spring DispatcherServlet 'dispatcherServlet'
2023-03-11 17:47:19.582  INFO 27588 --- [http-nio-8110-exec-1] o.s.web.servlet.DispatcherServlet        : Initializing Servlet 'dispatcherServlet'
2023-03-11 17:47:19.589  INFO 27588 --- [http-nio-8110-exec-1] o.s.web.servlet.DispatcherServlet        : Completed initialization in 6 ms
2023-03-11 17:47:19.758  INFO 27588 --- [http-nio-8110-exec-3] com.zaxxer.hikari.HikariDataSource       : HikariPool-1 - Starting...
2023-03-11 17:47:19.980  INFO 27588 --- [http-nio-8110-exec-3] com.zaxxer.hikari.HikariDataSource       : HikariPool-1 - Start completed.
2023-03-11 17:51:05.893  INFO 27588 --- [SpringContextShutdownHook] o.s.s.concurrent.ThreadPoolTaskExecutor  : Shutting down ExecutorService 'applicationTaskExecutor'
2023-03-11 17:51:05.893  INFO 27588 --- [SpringContextShutdownHook] com.zaxxer.hikari.HikariDataSource       : HikariPool-1 - Shutdown initiated...
2023-03-11 17:51:05.903  INFO 27588 --- [SpringContextShutdownHook] com.zaxxer.hikari.HikariDataSource       : HikariPool-1 - Shutdown completed.
2023-03-11 17:51:11.211  INFO 12888 --- [main] c.C.r.s.repair.ServiceRepairApplication  : Starting ServiceRepairApplication on Cang with PID 12888 (D:\ArtWork\Java代码库\res_repair\service\service_repair\target\classes started by Cang in D:\ArtWork\Java代码库\res_repair)
2023-03-11 17:51:11.211  INFO 12888 --- [main] c.C.r.s.repair.ServiceRepairApplication  : The following profiles are active: dev
2023-03-11 17:51:11.909  INFO 12888 --- [main] .s.d.r.c.RepositoryConfigurationDelegate : Multiple Spring Data modules found, entering strict repository configuration mode!
2023-03-11 17:51:11.909  INFO 12888 --- [main] .s.d.r.c.RepositoryConfigurationDelegate : Bootstrapping Spring Data Redis repositories in DEFAULT mode.
2023-03-11 17:51:11.929  INFO 12888 --- [main] .s.d.r.c.RepositoryConfigurationDelegate : Finished Spring Data repository scanning in 10ms. Found 0 Redis repository interfaces.
2023-03-11 17:51:12.149  INFO 12888 --- [main] trationDelegate$BeanPostProcessorChecker : Bean 'org.springframework.transaction.annotation.ProxyTransactionManagementConfiguration' of type [org.springframework.transaction.annotation.ProxyTransactionManagementConfiguration] is not eligible for getting processed by all BeanPostProcessors (for example: not eligible for auto-proxying)
2023-03-11 17:51:12.349  INFO 12888 --- [main] o.s.b.w.embedded.tomcat.TomcatWebServer  : Tomcat initialized with port(s): 8110 (http)
2023-03-11 17:51:12.359  INFO 12888 --- [main] o.apache.catalina.core.StandardService   : Starting service [Tomcat]
2023-03-11 17:51:12.359  INFO 12888 --- [main] org.apache.catalina.core.StandardEngine  : Starting Servlet engine: [Apache Tomcat/9.0.29]
2023-03-11 17:51:12.359  INFO 12888 --- [main] o.a.catalina.core.AprLifecycleListener   : An older version [1.2.14] of the APR based Apache Tomcat Native library is installed, while Tomcat recommends a minimum version of [1.2.23]
2023-03-11 17:51:12.359  INFO 12888 --- [main] o.a.catalina.core.AprLifecycleListener   : Loaded APR based Apache Tomcat Native library [1.2.14] using APR version [1.6.2].
2023-03-11 17:51:12.359  INFO 12888 --- [main] o.a.catalina.core.AprLifecycleListener   : APR capabilities: IPv6 [true], sendfile [true], accept filters [false], random [true].
2023-03-11 17:51:12.359  INFO 12888 --- [main] o.a.catalina.core.AprLifecycleListener   : APR/OpenSSL configuration: useAprConnector [false], useOpenSSL [true]
2023-03-11 17:51:13.389  INFO 12888 --- [main] o.a.catalina.core.AprLifecycleListener   : OpenSSL successfully initialized [OpenSSL 1.0.2l  25 May 2017]
2023-03-11 17:51:13.469  INFO 12888 --- [main] o.a.c.c.C.[Tomcat].[localhost].[/]       : Initializing Spring embedded WebApplicationContext
2023-03-11 17:51:13.469  INFO 12888 --- [main] o.s.web.context.ContextLoader            : Root WebApplicationContext: initialization completed in 2228 ms
2023-03-11 17:51:14.613  INFO 12888 --- [main] pertySourcedRequestMappingHandlerMapping : Mapped URL path [/v2/api-docs] onto method [springfox.documentation.swagger2.web.Swagger2Controller#getDocumentation(String, HttpServletRequest)]
2023-03-11 17:51:14.703  INFO 12888 --- [main] o.s.s.concurrent.ThreadPoolTaskExecutor  : Initializing ExecutorService 'applicationTaskExecutor'
2023-03-11 17:51:15.016  INFO 12888 --- [main] d.s.w.p.DocumentationPluginsBootstrapper : Context refreshed
2023-03-11 17:51:15.026  INFO 12888 --- [main] d.s.w.p.DocumentationPluginsBootstrapper : Found 2 custom documentation plugin(s)
2023-03-11 17:51:15.056  INFO 12888 --- [main] s.d.s.w.s.ApiListingReferenceScanner     : Scanning for api listing references
2023-03-11 17:51:15.156  INFO 12888 --- [main] .d.s.w.r.o.CachingOperationNameGenerator : Generating unique operation named: getByIdUsingGET_1
2023-03-11 17:51:15.166  INFO 12888 --- [main] .d.s.w.r.o.CachingOperationNameGenerator : Generating unique operation named: removeByIdUsingDELETE_1
2023-03-11 17:51:15.186  INFO 12888 --- [main] s.d.s.w.s.ApiListingReferenceScanner     : Scanning for api listing references
2023-03-11 17:51:15.206  INFO 12888 --- [main] o.s.b.w.embedded.tomcat.TomcatWebServer  : Tomcat started on port(s): 8110 (http) with context path ''
2023-03-11 17:51:15.216  INFO 12888 --- [main] c.C.r.s.repair.ServiceRepairApplication  : Started ServiceRepairApplication in 4.519 seconds (JVM running for 5.555)
2023-03-11 17:51:17.386  INFO 12888 --- [http-nio-8110-exec-1] o.a.c.c.C.[Tomcat].[localhost].[/]       : Initializing Spring DispatcherServlet 'dispatcherServlet'
2023-03-11 17:51:17.387  INFO 12888 --- [http-nio-8110-exec-1] o.s.web.servlet.DispatcherServlet        : Initializing Servlet 'dispatcherServlet'
2023-03-11 17:51:17.393  INFO 12888 --- [http-nio-8110-exec-1] o.s.web.servlet.DispatcherServlet        : Completed initialization in 6 ms
2023-03-11 17:51:17.612  INFO 12888 --- [http-nio-8110-exec-5] com.zaxxer.hikari.HikariDataSource       : HikariPool-1 - Starting...
2023-03-11 17:51:17.992  INFO 12888 --- [http-nio-8110-exec-5] com.zaxxer.hikari.HikariDataSource       : HikariPool-1 - Start completed.
2023-03-11 17:52:37.578  INFO 12888 --- [SpringContextShutdownHook] o.s.s.concurrent.ThreadPoolTaskExecutor  : Shutting down ExecutorService 'applicationTaskExecutor'
2023-03-11 17:52:37.578  INFO 12888 --- [SpringContextShutdownHook] com.zaxxer.hikari.HikariDataSource       : HikariPool-1 - Shutdown initiated...
2023-03-11 17:52:37.588  INFO 12888 --- [SpringContextShutdownHook] com.zaxxer.hikari.HikariDataSource       : HikariPool-1 - Shutdown completed.
2023-03-11 17:52:42.846  INFO 32236 --- [main] c.C.r.s.repair.ServiceRepairApplication  : Starting ServiceRepairApplication on Cang with PID 32236 (D:\ArtWork\Java代码库\res_repair\service\service_repair\target\classes started by Cang in D:\ArtWork\Java代码库\res_repair)
2023-03-11 17:52:42.846  INFO 32236 --- [main] c.C.r.s.repair.ServiceRepairApplication  : The following profiles are active: dev
2023-03-11 17:52:43.543  INFO 32236 --- [main] .s.d.r.c.RepositoryConfigurationDelegate : Multiple Spring Data modules found, entering strict repository configuration mode!
2023-03-11 17:52:43.543  INFO 32236 --- [main] .s.d.r.c.RepositoryConfigurationDelegate : Bootstrapping Spring Data Redis repositories in DEFAULT mode.
2023-03-11 17:52:43.563  INFO 32236 --- [main] .s.d.r.c.RepositoryConfigurationDelegate : Finished Spring Data repository scanning in 11ms. Found 0 Redis repository interfaces.
2023-03-11 17:52:43.803  INFO 32236 --- [main] trationDelegate$BeanPostProcessorChecker : Bean 'org.springframework.transaction.annotation.ProxyTransactionManagementConfiguration' of type [org.springframework.transaction.annotation.ProxyTransactionManagementConfiguration] is not eligible for getting processed by all BeanPostProcessors (for example: not eligible for auto-proxying)
2023-03-11 17:52:44.023  INFO 32236 --- [main] o.s.b.w.embedded.tomcat.TomcatWebServer  : Tomcat initialized with port(s): 8110 (http)
2023-03-11 17:52:44.033  INFO 32236 --- [main] o.apache.catalina.core.StandardService   : Starting service [Tomcat]
2023-03-11 17:52:44.033  INFO 32236 --- [main] org.apache.catalina.core.StandardEngine  : Starting Servlet engine: [Apache Tomcat/9.0.29]
2023-03-11 17:52:44.033  INFO 32236 --- [main] o.a.catalina.core.AprLifecycleListener   : An older version [1.2.14] of the APR based Apache Tomcat Native library is installed, while Tomcat recommends a minimum version of [1.2.23]
2023-03-11 17:52:44.033  INFO 32236 --- [main] o.a.catalina.core.AprLifecycleListener   : Loaded APR based Apache Tomcat Native library [1.2.14] using APR version [1.6.2].
2023-03-11 17:52:44.033  INFO 32236 --- [main] o.a.catalina.core.AprLifecycleListener   : APR capabilities: IPv6 [true], sendfile [true], accept filters [false], random [true].
2023-03-11 17:52:44.033  INFO 32236 --- [main] o.a.catalina.core.AprLifecycleListener   : APR/OpenSSL configuration: useAprConnector [false], useOpenSSL [true]
2023-03-11 17:52:45.095  INFO 32236 --- [main] o.a.catalina.core.AprLifecycleListener   : OpenSSL successfully initialized [OpenSSL 1.0.2l  25 May 2017]
2023-03-11 17:52:45.175  INFO 32236 --- [main] o.a.c.c.C.[Tomcat].[localhost].[/]       : Initializing Spring embedded WebApplicationContext
2023-03-11 17:52:45.175  INFO 32236 --- [main] o.s.web.context.ContextLoader            : Root WebApplicationContext: initialization completed in 2299 ms
2023-03-11 17:52:46.375  INFO 32236 --- [main] pertySourcedRequestMappingHandlerMapping : Mapped URL path [/v2/api-docs] onto method [springfox.documentation.swagger2.web.Swagger2Controller#getDocumentation(String, HttpServletRequest)]
2023-03-11 17:52:46.455  INFO 32236 --- [main] o.s.s.concurrent.ThreadPoolTaskExecutor  : Initializing ExecutorService 'applicationTaskExecutor'
2023-03-11 17:52:46.755  INFO 32236 --- [main] d.s.w.p.DocumentationPluginsBootstrapper : Context refreshed
2023-03-11 17:52:46.767  INFO 32236 --- [main] d.s.w.p.DocumentationPluginsBootstrapper : Found 2 custom documentation plugin(s)
2023-03-11 17:52:46.787  INFO 32236 --- [main] s.d.s.w.s.ApiListingReferenceScanner     : Scanning for api listing references
2023-03-11 17:52:46.897  INFO 32236 --- [main] .d.s.w.r.o.CachingOperationNameGenerator : Generating unique operation named: getByIdUsingGET_1
2023-03-11 17:52:46.907  INFO 32236 --- [main] .d.s.w.r.o.CachingOperationNameGenerator : Generating unique operation named: removeByIdUsingDELETE_1
2023-03-11 17:52:46.917  INFO 32236 --- [main] s.d.s.w.s.ApiListingReferenceScanner     : Scanning for api listing references
2023-03-11 17:52:46.947  INFO 32236 --- [main] o.s.b.w.embedded.tomcat.TomcatWebServer  : Tomcat started on port(s): 8110 (http) with context path ''
2023-03-11 17:52:46.947  INFO 32236 --- [main] c.C.r.s.repair.ServiceRepairApplication  : Started ServiceRepairApplication in 4.655 seconds (JVM running for 5.881)
2023-03-11 17:52:54.624  INFO 32236 --- [http-nio-8110-exec-1] o.a.c.c.C.[Tomcat].[localhost].[/]       : Initializing Spring DispatcherServlet 'dispatcherServlet'
2023-03-11 17:52:54.625  INFO 32236 --- [http-nio-8110-exec-1] o.s.web.servlet.DispatcherServlet        : Initializing Servlet 'dispatcherServlet'
2023-03-11 17:52:54.632  INFO 32236 --- [http-nio-8110-exec-1] o.s.web.servlet.DispatcherServlet        : Completed initialization in 7 ms
2023-03-11 17:52:54.906  INFO 32236 --- [http-nio-8110-exec-4] com.zaxxer.hikari.HikariDataSource       : HikariPool-1 - Starting...
2023-03-11 17:52:55.214  INFO 32236 --- [http-nio-8110-exec-4] com.zaxxer.hikari.HikariDataSource       : HikariPool-1 - Start completed.
2023-03-11 17:59:42.815  INFO 32236 --- [SpringContextShutdownHook] o.s.s.concurrent.ThreadPoolTaskExecutor  : Shutting down ExecutorService 'applicationTaskExecutor'
2023-03-11 17:59:42.815  INFO 32236 --- [SpringContextShutdownHook] com.zaxxer.hikari.HikariDataSource       : HikariPool-1 - Shutdown initiated...
2023-03-11 17:59:42.825  INFO 32236 --- [SpringContextShutdownHook] com.zaxxer.hikari.HikariDataSource       : HikariPool-1 - Shutdown completed.
2023-03-11 17:59:48.038  INFO 29044 --- [main] c.C.r.s.repair.ServiceRepairApplication  : Starting ServiceRepairApplication on Cang with PID 29044 (D:\ArtWork\Java代码库\res_repair\service\service_repair\target\classes started by Cang in D:\ArtWork\Java代码库\res_repair)
2023-03-11 17:59:48.038  INFO 29044 --- [main] c.C.r.s.repair.ServiceRepairApplication  : The following profiles are active: dev
2023-03-11 17:59:48.698  INFO 29044 --- [main] .s.d.r.c.RepositoryConfigurationDelegate : Multiple Spring Data modules found, entering strict repository configuration mode!
2023-03-11 17:59:48.708  INFO 29044 --- [main] .s.d.r.c.RepositoryConfigurationDelegate : Bootstrapping Spring Data Redis repositories in DEFAULT mode.
2023-03-11 17:59:48.718  INFO 29044 --- [main] .s.d.r.c.RepositoryConfigurationDelegate : Finished Spring Data repository scanning in 10ms. Found 0 Redis repository interfaces.
2023-03-11 17:59:48.930  INFO 29044 --- [main] trationDelegate$BeanPostProcessorChecker : Bean 'org.springframework.transaction.annotation.ProxyTransactionManagementConfiguration' of type [org.springframework.transaction.annotation.ProxyTransactionManagementConfiguration] is not eligible for getting processed by all BeanPostProcessors (for example: not eligible for auto-proxying)
2023-03-11 17:59:49.140  INFO 29044 --- [main] o.s.b.w.embedded.tomcat.TomcatWebServer  : Tomcat initialized with port(s): 8110 (http)
2023-03-11 17:59:49.140  INFO 29044 --- [main] o.apache.catalina.core.StandardService   : Starting service [Tomcat]
2023-03-11 17:59:49.140  INFO 29044 --- [main] org.apache.catalina.core.StandardEngine  : Starting Servlet engine: [Apache Tomcat/9.0.29]
2023-03-11 17:59:49.150  INFO 29044 --- [main] o.a.catalina.core.AprLifecycleListener   : An older version [1.2.14] of the APR based Apache Tomcat Native library is installed, while Tomcat recommends a minimum version of [1.2.23]
2023-03-11 17:59:49.150  INFO 29044 --- [main] o.a.catalina.core.AprLifecycleListener   : Loaded APR based Apache Tomcat Native library [1.2.14] using APR version [1.6.2].
2023-03-11 17:59:49.150  INFO 29044 --- [main] o.a.catalina.core.AprLifecycleListener   : APR capabilities: IPv6 [true], sendfile [true], accept filters [false], random [true].
2023-03-11 17:59:49.150  INFO 29044 --- [main] o.a.catalina.core.AprLifecycleListener   : APR/OpenSSL configuration: useAprConnector [false], useOpenSSL [true]
2023-03-11 17:59:50.200  INFO 29044 --- [main] o.a.catalina.core.AprLifecycleListener   : OpenSSL successfully initialized [OpenSSL 1.0.2l  25 May 2017]
2023-03-11 17:59:50.280  INFO 29044 --- [main] o.a.c.c.C.[Tomcat].[localhost].[/]       : Initializing Spring embedded WebApplicationContext
2023-03-11 17:59:50.280  INFO 29044 --- [main] o.s.web.context.ContextLoader            : Root WebApplicationContext: initialization completed in 2212 ms
2023-03-11 17:59:51.438  INFO 29044 --- [main] pertySourcedRequestMappingHandlerMapping : Mapped URL path [/v2/api-docs] onto method [springfox.documentation.swagger2.web.Swagger2Controller#getDocumentation(String, HttpServletRequest)]
2023-03-11 17:59:51.518  INFO 29044 --- [main] o.s.s.concurrent.ThreadPoolTaskExecutor  : Initializing ExecutorService 'applicationTaskExecutor'
2023-03-11 17:59:51.828  INFO 29044 --- [main] d.s.w.p.DocumentationPluginsBootstrapper : Context refreshed
2023-03-11 17:59:51.838  INFO 29044 --- [main] d.s.w.p.DocumentationPluginsBootstrapper : Found 2 custom documentation plugin(s)
2023-03-11 17:59:51.868  INFO 29044 --- [main] s.d.s.w.s.ApiListingReferenceScanner     : Scanning for api listing references
2023-03-11 17:59:51.988  INFO 29044 --- [main] .d.s.w.r.o.CachingOperationNameGenerator : Generating unique operation named: getByIdUsingGET_1
2023-03-11 17:59:51.998  INFO 29044 --- [main] .d.s.w.r.o.CachingOperationNameGenerator : Generating unique operation named: removeByIdUsingDELETE_1
2023-03-11 17:59:52.018  INFO 29044 --- [main] s.d.s.w.s.ApiListingReferenceScanner     : Scanning for api listing references
2023-03-11 17:59:52.038  INFO 29044 --- [main] o.s.b.w.embedded.tomcat.TomcatWebServer  : Tomcat started on port(s): 8110 (http) with context path ''
2023-03-11 17:59:52.048  INFO 29044 --- [main] c.C.r.s.repair.ServiceRepairApplication  : Started ServiceRepairApplication in 4.447 seconds (JVM running for 5.738)
2023-03-11 17:59:55.331  INFO 29044 --- [http-nio-8110-exec-2] o.a.c.c.C.[Tomcat].[localhost].[/]       : Initializing Spring DispatcherServlet 'dispatcherServlet'
2023-03-11 17:59:55.331  INFO 29044 --- [http-nio-8110-exec-2] o.s.web.servlet.DispatcherServlet        : Initializing Servlet 'dispatcherServlet'
2023-03-11 17:59:55.336  INFO 29044 --- [http-nio-8110-exec-2] o.s.web.servlet.DispatcherServlet        : Completed initialization in 5 ms
2023-03-11 17:59:55.511  INFO 29044 --- [http-nio-8110-exec-4] com.zaxxer.hikari.HikariDataSource       : HikariPool-1 - Starting...
2023-03-11 17:59:55.746  INFO 29044 --- [http-nio-8110-exec-4] com.zaxxer.hikari.HikariDataSource       : HikariPool-1 - Start completed.
2023-03-11 18:04:27.521  INFO 29044 --- [SpringContextShutdownHook] o.s.s.concurrent.ThreadPoolTaskExecutor  : Shutting down ExecutorService 'applicationTaskExecutor'
2023-03-11 18:04:27.531  INFO 29044 --- [SpringContextShutdownHook] com.zaxxer.hikari.HikariDataSource       : HikariPool-1 - Shutdown initiated...
2023-03-11 18:04:27.541  INFO 29044 --- [SpringContextShutdownHook] com.zaxxer.hikari.HikariDataSource       : HikariPool-1 - Shutdown completed.
2023-03-11 18:04:32.574  INFO 1360 --- [main] c.C.r.s.repair.ServiceRepairApplication  : Starting ServiceRepairApplication on Cang with PID 1360 (D:\ArtWork\Java代码库\res_repair\service\service_repair\target\classes started by Cang in D:\ArtWork\Java代码库\res_repair)
2023-03-11 18:04:32.574  INFO 1360 --- [main] c.C.r.s.repair.ServiceRepairApplication  : The following profiles are active: dev
2023-03-11 18:04:33.264  INFO 1360 --- [main] .s.d.r.c.RepositoryConfigurationDelegate : Multiple Spring Data modules found, entering strict repository configuration mode!
2023-03-11 18:04:33.264  INFO 1360 --- [main] .s.d.r.c.RepositoryConfigurationDelegate : Bootstrapping Spring Data Redis repositories in DEFAULT mode.
2023-03-11 18:04:33.284  INFO 1360 --- [main] .s.d.r.c.RepositoryConfigurationDelegate : Finished Spring Data repository scanning in 11ms. Found 0 Redis repository interfaces.
2023-03-11 18:04:33.515  INFO 1360 --- [main] trationDelegate$BeanPostProcessorChecker : Bean 'org.springframework.transaction.annotation.ProxyTransactionManagementConfiguration' of type [org.springframework.transaction.annotation.ProxyTransactionManagementConfiguration] is not eligible for getting processed by all BeanPostProcessors (for example: not eligible for auto-proxying)
2023-03-11 18:04:33.715  INFO 1360 --- [main] o.s.b.w.embedded.tomcat.TomcatWebServer  : Tomcat initialized with port(s): 8110 (http)
2023-03-11 18:04:33.715  INFO 1360 --- [main] o.apache.catalina.core.StandardService   : Starting service [Tomcat]
2023-03-11 18:04:33.715  INFO 1360 --- [main] org.apache.catalina.core.StandardEngine  : Starting Servlet engine: [Apache Tomcat/9.0.29]
2023-03-11 18:04:33.725  INFO 1360 --- [main] o.a.catalina.core.AprLifecycleListener   : An older version [1.2.14] of the APR based Apache Tomcat Native library is installed, while Tomcat recommends a minimum version of [1.2.23]
2023-03-11 18:04:33.725  INFO 1360 --- [main] o.a.catalina.core.AprLifecycleListener   : Loaded APR based Apache Tomcat Native library [1.2.14] using APR version [1.6.2].
2023-03-11 18:04:33.725  INFO 1360 --- [main] o.a.catalina.core.AprLifecycleListener   : APR capabilities: IPv6 [true], sendfile [true], accept filters [false], random [true].
2023-03-11 18:04:33.725  INFO 1360 --- [main] o.a.catalina.core.AprLifecycleListener   : APR/OpenSSL configuration: useAprConnector [false], useOpenSSL [true]
2023-03-11 18:04:34.755  INFO 1360 --- [main] o.a.catalina.core.AprLifecycleListener   : OpenSSL successfully initialized [OpenSSL 1.0.2l  25 May 2017]
2023-03-11 18:04:34.835  INFO 1360 --- [main] o.a.c.c.C.[Tomcat].[localhost].[/]       : Initializing Spring embedded WebApplicationContext
2023-03-11 18:04:34.835  INFO 1360 --- [main] o.s.web.context.ContextLoader            : Root WebApplicationContext: initialization completed in 2231 ms
2023-03-11 18:04:36.063  INFO 1360 --- [main] pertySourcedRequestMappingHandlerMapping : Mapped URL path [/v2/api-docs] onto method [springfox.documentation.swagger2.web.Swagger2Controller#getDocumentation(String, HttpServletRequest)]
2023-03-11 18:04:36.143  INFO 1360 --- [main] o.s.s.concurrent.ThreadPoolTaskExecutor  : Initializing ExecutorService 'applicationTaskExecutor'
2023-03-11 18:04:36.448  INFO 1360 --- [main] d.s.w.p.DocumentationPluginsBootstrapper : Context refreshed
2023-03-11 18:04:36.458  INFO 1360 --- [main] d.s.w.p.DocumentationPluginsBootstrapper : Found 2 custom documentation plugin(s)
2023-03-11 18:04:36.478  INFO 1360 --- [main] s.d.s.w.s.ApiListingReferenceScanner     : Scanning for api listing references
2023-03-11 18:04:36.598  INFO 1360 --- [main] .d.s.w.r.o.CachingOperationNameGenerator : Generating unique operation named: getByIdUsingGET_1
2023-03-11 18:04:36.618  INFO 1360 --- [main] .d.s.w.r.o.CachingOperationNameGenerator : Generating unique operation named: removeByIdUsingDELETE_1
2023-03-11 18:04:36.628  INFO 1360 --- [main] s.d.s.w.s.ApiListingReferenceScanner     : Scanning for api listing references
2023-03-11 18:04:36.657  INFO 1360 --- [main] o.s.b.w.embedded.tomcat.TomcatWebServer  : Tomcat started on port(s): 8110 (http) with context path ''
2023-03-11 18:04:36.657  INFO 1360 --- [main] c.C.r.s.repair.ServiceRepairApplication  : Started ServiceRepairApplication in 4.516 seconds (JVM running for 5.502)
2023-03-11 18:04:40.566  INFO 1360 --- [http-nio-8110-exec-1] o.a.c.c.C.[Tomcat].[localhost].[/]       : Initializing Spring DispatcherServlet 'dispatcherServlet'
2023-03-11 18:04:40.566  INFO 1360 --- [http-nio-8110-exec-1] o.s.web.servlet.DispatcherServlet        : Initializing Servlet 'dispatcherServlet'
2023-03-11 18:04:40.573  INFO 1360 --- [http-nio-8110-exec-1] o.s.web.servlet.DispatcherServlet        : Completed initialization in 7 ms
2023-03-11 18:04:40.797  INFO 1360 --- [http-nio-8110-exec-5] com.zaxxer.hikari.HikariDataSource       : HikariPool-1 - Starting...
2023-03-11 18:04:41.124  INFO 1360 --- [http-nio-8110-exec-5] com.zaxxer.hikari.HikariDataSource       : HikariPool-1 - Start completed.
2023-03-11 18:10:03.787  INFO 1360 --- [SpringContextShutdownHook] o.s.s.concurrent.ThreadPoolTaskExecutor  : Shutting down ExecutorService 'applicationTaskExecutor'
2023-03-11 18:10:03.797  INFO 1360 --- [SpringContextShutdownHook] com.zaxxer.hikari.HikariDataSource       : HikariPool-1 - Shutdown initiated...
2023-03-11 18:10:03.807  INFO 1360 --- [SpringContextShutdownHook] com.zaxxer.hikari.HikariDataSource       : HikariPool-1 - Shutdown completed.
2023-03-11 18:10:08.553  INFO 28388 --- [main] c.C.r.s.repair.ServiceRepairApplication  : Starting ServiceRepairApplication on Cang with PID 28388 (D:\ArtWork\Java代码库\res_repair\service\service_repair\target\classes started by Cang in D:\ArtWork\Java代码库\res_repair)
2023-03-11 18:10:08.563  INFO 28388 --- [main] c.C.r.s.repair.ServiceRepairApplication  : The following profiles are active: dev
2023-03-11 18:10:09.283  INFO 28388 --- [main] .s.d.r.c.RepositoryConfigurationDelegate : Multiple Spring Data modules found, entering strict repository configuration mode!
2023-03-11 18:10:09.283  INFO 28388 --- [main] .s.d.r.c.RepositoryConfigurationDelegate : Bootstrapping Spring Data Redis repositories in DEFAULT mode.
2023-03-11 18:10:09.303  INFO 28388 --- [main] .s.d.r.c.RepositoryConfigurationDelegate : Finished Spring Data repository scanning in 10ms. Found 0 Redis repository interfaces.
2023-03-11 18:10:09.513  INFO 28388 --- [main] trationDelegate$BeanPostProcessorChecker : Bean 'org.springframework.transaction.annotation.ProxyTransactionManagementConfiguration' of type [org.springframework.transaction.annotation.ProxyTransactionManagementConfiguration] is not eligible for getting processed by all BeanPostProcessors (for example: not eligible for auto-proxying)
2023-03-11 18:10:09.723  INFO 28388 --- [main] o.s.b.w.embedded.tomcat.TomcatWebServer  : Tomcat initialized with port(s): 8110 (http)
2023-03-11 18:10:09.733  INFO 28388 --- [main] o.apache.catalina.core.StandardService   : Starting service [Tomcat]
2023-03-11 18:10:09.733  INFO 28388 --- [main] org.apache.catalina.core.StandardEngine  : Starting Servlet engine: [Apache Tomcat/9.0.29]
2023-03-11 18:10:09.733  INFO 28388 --- [main] o.a.catalina.core.AprLifecycleListener   : An older version [1.2.14] of the APR based Apache Tomcat Native library is installed, while Tomcat recommends a minimum version of [1.2.23]
2023-03-11 18:10:09.733  INFO 28388 --- [main] o.a.catalina.core.AprLifecycleListener   : Loaded APR based Apache Tomcat Native library [1.2.14] using APR version [1.6.2].
2023-03-11 18:10:09.733  INFO 28388 --- [main] o.a.catalina.core.AprLifecycleListener   : APR capabilities: IPv6 [true], sendfile [true], accept filters [false], random [true].
2023-03-11 18:10:09.733  INFO 28388 --- [main] o.a.catalina.core.AprLifecycleListener   : APR/OpenSSL configuration: useAprConnector [false], useOpenSSL [true]
2023-03-11 18:10:10.774  INFO 28388 --- [main] o.a.catalina.core.AprLifecycleListener   : OpenSSL successfully initialized [OpenSSL 1.0.2l  25 May 2017]
2023-03-11 18:10:10.863  INFO 28388 --- [main] o.a.c.c.C.[Tomcat].[localhost].[/]       : Initializing Spring embedded WebApplicationContext
2023-03-11 18:10:10.863  INFO 28388 --- [main] o.s.web.context.ContextLoader            : Root WebApplicationContext: initialization completed in 2270 ms
2023-03-11 18:10:12.029  INFO 28388 --- [main] pertySourcedRequestMappingHandlerMapping : Mapped URL path [/v2/api-docs] onto method [springfox.documentation.swagger2.web.Swagger2Controller#getDocumentation(String, HttpServletRequest)]
2023-03-11 18:10:12.119  INFO 28388 --- [main] o.s.s.concurrent.ThreadPoolTaskExecutor  : Initializing ExecutorService 'applicationTaskExecutor'
2023-03-11 18:10:12.409  INFO 28388 --- [main] d.s.w.p.DocumentationPluginsBootstrapper : Context refreshed
2023-03-11 18:10:12.410  INFO 28388 --- [main] d.s.w.p.DocumentationPluginsBootstrapper : Found 2 custom documentation plugin(s)
2023-03-11 18:10:12.450  INFO 28388 --- [main] s.d.s.w.s.ApiListingReferenceScanner     : Scanning for api listing references
2023-03-11 18:10:12.559  INFO 28388 --- [main] .d.s.w.r.o.CachingOperationNameGenerator : Generating unique operation named: getByIdUsingGET_1
2023-03-11 18:10:12.569  INFO 28388 --- [main] .d.s.w.r.o.CachingOperationNameGenerator : Generating unique operation named: removeByIdUsingDELETE_1
2023-03-11 18:10:12.589  INFO 28388 --- [main] s.d.s.w.s.ApiListingReferenceScanner     : Scanning for api listing references
2023-03-11 18:10:12.619  INFO 28388 --- [main] o.s.b.w.embedded.tomcat.TomcatWebServer  : Tomcat started on port(s): 8110 (http) with context path ''
2023-03-11 18:10:12.619  INFO 28388 --- [main] c.C.r.s.repair.ServiceRepairApplication  : Started ServiceRepairApplication in 4.512 seconds (JVM running for 5.698)
2023-03-11 18:10:15.906  INFO 28388 --- [http-nio-8110-exec-1] o.a.c.c.C.[Tomcat].[localhost].[/]       : Initializing Spring DispatcherServlet 'dispatcherServlet'
2023-03-11 18:10:15.906  INFO 28388 --- [http-nio-8110-exec-1] o.s.web.servlet.DispatcherServlet        : Initializing Servlet 'dispatcherServlet'
2023-03-11 18:10:15.913  INFO 28388 --- [http-nio-8110-exec-1] o.s.web.servlet.DispatcherServlet        : Completed initialization in 6 ms
2023-03-11 18:10:16.134  INFO 28388 --- [http-nio-8110-exec-2] com.zaxxer.hikari.HikariDataSource       : HikariPool-1 - Starting...
2023-03-11 18:10:16.390  INFO 28388 --- [http-nio-8110-exec-2] com.zaxxer.hikari.HikariDataSource       : HikariPool-1 - Start completed.
2023-03-11 18:12:06.773  INFO 28388 --- [SpringContextShutdownHook] o.s.s.concurrent.ThreadPoolTaskExecutor  : Shutting down ExecutorService 'applicationTaskExecutor'
2023-03-11 18:12:06.783  INFO 28388 --- [SpringContextShutdownHook] com.zaxxer.hikari.HikariDataSource       : HikariPool-1 - Shutdown initiated...
2023-03-11 18:12:06.793  INFO 28388 --- [SpringContextShutdownHook] com.zaxxer.hikari.HikariDataSource       : HikariPool-1 - Shutdown completed.
2023-03-11 18:12:10.748  INFO 25684 --- [main] c.C.r.s.repair.ServiceRepairApplication  : Starting ServiceRepairApplication on Cang with PID 25684 (D:\ArtWork\Java代码库\res_repair\service\service_repair\target\classes started by Cang in D:\ArtWork\Java代码库\res_repair)
2023-03-11 18:12:10.748  INFO 25684 --- [main] c.C.r.s.repair.ServiceRepairApplication  : The following profiles are active: dev
2023-03-11 18:12:11.458  INFO 25684 --- [main] .s.d.r.c.RepositoryConfigurationDelegate : Multiple Spring Data modules found, entering strict repository configuration mode!
2023-03-11 18:12:11.458  INFO 25684 --- [main] .s.d.r.c.RepositoryConfigurationDelegate : Bootstrapping Spring Data Redis repositories in DEFAULT mode.
2023-03-11 18:12:11.478  INFO 25684 --- [main] .s.d.r.c.RepositoryConfigurationDelegate : Finished Spring Data repository scanning in 11ms. Found 0 Redis repository interfaces.
2023-03-11 18:12:11.708  INFO 25684 --- [main] trationDelegate$BeanPostProcessorChecker : Bean 'org.springframework.transaction.annotation.ProxyTransactionManagementConfiguration' of type [org.springframework.transaction.annotation.ProxyTransactionManagementConfiguration] is not eligible for getting processed by all BeanPostProcessors (for example: not eligible for auto-proxying)
2023-03-11 18:12:11.948  INFO 25684 --- [main] o.s.b.w.embedded.tomcat.TomcatWebServer  : Tomcat initialized with port(s): 8110 (http)
2023-03-11 18:12:11.958  INFO 25684 --- [main] o.apache.catalina.core.StandardService   : Starting service [Tomcat]
2023-03-11 18:12:11.958  INFO 25684 --- [main] org.apache.catalina.core.StandardEngine  : Starting Servlet engine: [Apache Tomcat/9.0.29]
2023-03-11 18:12:11.958  INFO 25684 --- [main] o.a.catalina.core.AprLifecycleListener   : An older version [1.2.14] of the APR based Apache Tomcat Native library is installed, while Tomcat recommends a minimum version of [1.2.23]
2023-03-11 18:12:11.958  INFO 25684 --- [main] o.a.catalina.core.AprLifecycleListener   : Loaded APR based Apache Tomcat Native library [1.2.14] using APR version [1.6.2].
2023-03-11 18:12:11.958  INFO 25684 --- [main] o.a.catalina.core.AprLifecycleListener   : APR capabilities: IPv6 [true], sendfile [true], accept filters [false], random [true].
2023-03-11 18:12:11.958  INFO 25684 --- [main] o.a.catalina.core.AprLifecycleListener   : APR/OpenSSL configuration: useAprConnector [false], useOpenSSL [true]
2023-03-11 18:12:13.001  INFO 25684 --- [main] o.a.catalina.core.AprLifecycleListener   : OpenSSL successfully initialized [OpenSSL 1.0.2l  25 May 2017]
2023-03-11 18:12:13.091  INFO 25684 --- [main] o.a.c.c.C.[Tomcat].[localhost].[/]       : Initializing Spring embedded WebApplicationContext
2023-03-11 18:12:13.091  INFO 25684 --- [main] o.s.web.context.ContextLoader            : Root WebApplicationContext: initialization completed in 2313 ms
2023-03-11 18:12:14.264  INFO 25684 --- [main] pertySourcedRequestMappingHandlerMapping : Mapped URL path [/v2/api-docs] onto method [springfox.documentation.swagger2.web.Swagger2Controller#getDocumentation(String, HttpServletRequest)]
2023-03-11 18:12:14.344  INFO 25684 --- [main] o.s.s.concurrent.ThreadPoolTaskExecutor  : Initializing ExecutorService 'applicationTaskExecutor'
2023-03-11 18:12:14.794  INFO 25684 --- [main] d.s.w.p.DocumentationPluginsBootstrapper : Context refreshed
2023-03-11 18:12:14.804  INFO 25684 --- [main] d.s.w.p.DocumentationPluginsBootstrapper : Found 2 custom documentation plugin(s)
2023-03-11 18:12:14.824  INFO 25684 --- [main] s.d.s.w.s.ApiListingReferenceScanner     : Scanning for api listing references
2023-03-11 18:12:14.983  INFO 25684 --- [main] .d.s.w.r.o.CachingOperationNameGenerator : Generating unique operation named: getByIdUsingGET_1
2023-03-11 18:12:15.025  INFO 25684 --- [main] .d.s.w.r.o.CachingOperationNameGenerator : Generating unique operation named: removeByIdUsingDELETE_1
2023-03-11 18:12:15.085  INFO 25684 --- [main] s.d.s.w.s.ApiListingReferenceScanner     : Scanning for api listing references
2023-03-11 18:12:15.125  INFO 25684 --- [main] o.s.b.w.embedded.tomcat.TomcatWebServer  : Tomcat started on port(s): 8110 (http) with context path ''
2023-03-11 18:12:15.125  INFO 25684 --- [main] c.C.r.s.repair.ServiceRepairApplication  : Started ServiceRepairApplication in 4.79 seconds (JVM running for 6.063)
2023-03-11 18:12:26.294  INFO 25684 --- [SpringContextShutdownHook] o.s.s.concurrent.ThreadPoolTaskExecutor  : Shutting down ExecutorService 'applicationTaskExecutor'
2023-03-11 18:12:30.376  INFO 30208 --- [main] c.C.r.s.repair.ServiceRepairApplication  : Starting ServiceRepairApplication on Cang with PID 30208 (D:\ArtWork\Java代码库\res_repair\service\service_repair\target\classes started by Cang in D:\ArtWork\Java代码库\res_repair)
2023-03-11 18:12:30.376  INFO 30208 --- [main] c.C.r.s.repair.ServiceRepairApplication  : The following profiles are active: dev
2023-03-11 18:12:31.049  INFO 30208 --- [main] .s.d.r.c.RepositoryConfigurationDelegate : Multiple Spring Data modules found, entering strict repository configuration mode!
2023-03-11 18:12:31.049  INFO 30208 --- [main] .s.d.r.c.RepositoryConfigurationDelegate : Bootstrapping Spring Data Redis repositories in DEFAULT mode.
2023-03-11 18:12:31.069  INFO 30208 --- [main] .s.d.r.c.RepositoryConfigurationDelegate : Finished Spring Data repository scanning in 11ms. Found 0 Redis repository interfaces.
2023-03-11 18:12:31.299  INFO 30208 --- [main] trationDelegate$BeanPostProcessorChecker : Bean 'org.springframework.transaction.annotation.ProxyTransactionManagementConfiguration' of type [org.springframework.transaction.annotation.ProxyTransactionManagementConfiguration] is not eligible for getting processed by all BeanPostProcessors (for example: not eligible for auto-proxying)
2023-03-11 18:12:31.519  INFO 30208 --- [main] o.s.b.w.embedded.tomcat.TomcatWebServer  : Tomcat initialized with port(s): 8110 (http)
2023-03-11 18:12:31.529  INFO 30208 --- [main] o.apache.catalina.core.StandardService   : Starting service [Tomcat]
2023-03-11 18:12:31.529  INFO 30208 --- [main] org.apache.catalina.core.StandardEngine  : Starting Servlet engine: [Apache Tomcat/9.0.29]
2023-03-11 18:12:31.529  INFO 30208 --- [main] o.a.catalina.core.AprLifecycleListener   : An older version [1.2.14] of the APR based Apache Tomcat Native library is installed, while Tomcat recommends a minimum version of [1.2.23]
2023-03-11 18:12:31.529  INFO 30208 --- [main] o.a.catalina.core.AprLifecycleListener   : Loaded APR based Apache Tomcat Native library [1.2.14] using APR version [1.6.2].
2023-03-11 18:12:31.529  INFO 30208 --- [main] o.a.catalina.core.AprLifecycleListener   : APR capabilities: IPv6 [true], sendfile [true], accept filters [false], random [true].
2023-03-11 18:12:31.529  INFO 30208 --- [main] o.a.catalina.core.AprLifecycleListener   : APR/OpenSSL configuration: useAprConnector [false], useOpenSSL [true]
2023-03-11 18:12:32.581  INFO 30208 --- [main] o.a.catalina.core.AprLifecycleListener   : OpenSSL successfully initialized [OpenSSL 1.0.2l  25 May 2017]
2023-03-11 18:12:32.661  INFO 30208 --- [main] o.a.c.c.C.[Tomcat].[localhost].[/]       : Initializing Spring embedded WebApplicationContext
2023-03-11 18:12:32.661  INFO 30208 --- [main] o.s.web.context.ContextLoader            : Root WebApplicationContext: initialization completed in 2255 ms
2023-03-11 18:12:33.861  INFO 30208 --- [main] pertySourcedRequestMappingHandlerMapping : Mapped URL path [/v2/api-docs] onto method [springfox.documentation.swagger2.web.Swagger2Controller#getDocumentation(String, HttpServletRequest)]
2023-03-11 18:12:33.941  INFO 30208 --- [main] o.s.s.concurrent.ThreadPoolTaskExecutor  : Initializing ExecutorService 'applicationTaskExecutor'
2023-03-11 18:12:34.258  INFO 30208 --- [main] d.s.w.p.DocumentationPluginsBootstrapper : Context refreshed
2023-03-11 18:12:34.268  INFO 30208 --- [main] d.s.w.p.DocumentationPluginsBootstrapper : Found 2 custom documentation plugin(s)
2023-03-11 18:12:34.298  INFO 30208 --- [main] s.d.s.w.s.ApiListingReferenceScanner     : Scanning for api listing references
2023-03-11 18:12:34.398  INFO 30208 --- [main] .d.s.w.r.o.CachingOperationNameGenerator : Generating unique operation named: getByIdUsingGET_1
2023-03-11 18:12:34.421  INFO 30208 --- [main] .d.s.w.r.o.CachingOperationNameGenerator : Generating unique operation named: removeByIdUsingDELETE_1
2023-03-11 18:12:34.439  INFO 30208 --- [main] s.d.s.w.s.ApiListingReferenceScanner     : Scanning for api listing references
2023-03-11 18:12:34.459  INFO 30208 --- [main] o.s.b.w.embedded.tomcat.TomcatWebServer  : Tomcat started on port(s): 8110 (http) with context path ''
2023-03-11 18:12:34.469  INFO 30208 --- [main] c.C.r.s.repair.ServiceRepairApplication  : Started ServiceRepairApplication in 4.536 seconds (JVM running for 5.918)
2023-03-11 18:12:37.083  INFO 30208 --- [http-nio-8110-exec-2] o.a.c.c.C.[Tomcat].[localhost].[/]       : Initializing Spring DispatcherServlet 'dispatcherServlet'
2023-03-11 18:12:37.083  INFO 30208 --- [http-nio-8110-exec-2] o.s.web.servlet.DispatcherServlet        : Initializing Servlet 'dispatcherServlet'
2023-03-11 18:12:37.093  INFO 30208 --- [http-nio-8110-exec-2] o.s.web.servlet.DispatcherServlet        : Completed initialization in 9 ms
2023-03-11 18:12:37.342  INFO 30208 --- [http-nio-8110-exec-5] com.zaxxer.hikari.HikariDataSource       : HikariPool-1 - Starting...
2023-03-11 18:12:37.629  INFO 30208 --- [http-nio-8110-exec-5] com.zaxxer.hikari.HikariDataSource       : HikariPool-1 - Start completed.
2023-03-11 18:13:14.998  INFO 30208 --- [SpringContextShutdownHook] o.s.s.concurrent.ThreadPoolTaskExecutor  : Shutting down ExecutorService 'applicationTaskExecutor'
2023-03-11 18:13:14.998  INFO 30208 --- [SpringContextShutdownHook] com.zaxxer.hikari.HikariDataSource       : HikariPool-1 - Shutdown initiated...
2023-03-11 18:13:15.018  INFO 30208 --- [SpringContextShutdownHook] com.zaxxer.hikari.HikariDataSource       : HikariPool-1 - Shutdown completed.
2023-03-11 18:13:18.874  INFO 28456 --- [main] c.C.r.s.repair.ServiceRepairApplication  : Starting ServiceRepairApplication on Cang with PID 28456 (D:\ArtWork\Java代码库\res_repair\service\service_repair\target\classes started by Cang in D:\ArtWork\Java代码库\res_repair)
2023-03-11 18:13:18.874  INFO 28456 --- [main] c.C.r.s.repair.ServiceRepairApplication  : The following profiles are active: dev
2023-03-11 18:13:19.594  INFO 28456 --- [main] .s.d.r.c.RepositoryConfigurationDelegate : Multiple Spring Data modules found, entering strict repository configuration mode!
2023-03-11 18:13:19.594  INFO 28456 --- [main] .s.d.r.c.RepositoryConfigurationDelegate : Bootstrapping Spring Data Redis repositories in DEFAULT mode.
2023-03-11 18:13:19.614  INFO 28456 --- [main] .s.d.r.c.RepositoryConfigurationDelegate : Finished Spring Data repository scanning in 10ms. Found 0 Redis repository interfaces.
2023-03-11 18:13:19.824  INFO 28456 --- [main] trationDelegate$BeanPostProcessorChecker : Bean 'org.springframework.transaction.annotation.ProxyTransactionManagementConfiguration' of type [org.springframework.transaction.annotation.ProxyTransactionManagementConfiguration] is not eligible for getting processed by all BeanPostProcessors (for example: not eligible for auto-proxying)
2023-03-11 18:13:20.014  INFO 28456 --- [main] o.s.b.w.embedded.tomcat.TomcatWebServer  : Tomcat initialized with port(s): 8110 (http)
2023-03-11 18:13:20.024  INFO 28456 --- [main] o.apache.catalina.core.StandardService   : Starting service [Tomcat]
2023-03-11 18:13:20.024  INFO 28456 --- [main] org.apache.catalina.core.StandardEngine  : Starting Servlet engine: [Apache Tomcat/9.0.29]
2023-03-11 18:13:20.024  INFO 28456 --- [main] o.a.catalina.core.AprLifecycleListener   : An older version [1.2.14] of the APR based Apache Tomcat Native library is installed, while Tomcat recommends a minimum version of [1.2.23]
2023-03-11 18:13:20.024  INFO 28456 --- [main] o.a.catalina.core.AprLifecycleListener   : Loaded APR based Apache Tomcat Native library [1.2.14] using APR version [1.6.2].
2023-03-11 18:13:20.024  INFO 28456 --- [main] o.a.catalina.core.AprLifecycleListener   : APR capabilities: IPv6 [true], sendfile [true], accept filters [false], random [true].
2023-03-11 18:13:20.024  INFO 28456 --- [main] o.a.catalina.core.AprLifecycleListener   : APR/OpenSSL configuration: useAprConnector [false], useOpenSSL [true]
2023-03-11 18:13:21.064  INFO 28456 --- [main] o.a.catalina.core.AprLifecycleListener   : OpenSSL successfully initialized [OpenSSL 1.0.2l  25 May 2017]
2023-03-11 18:13:21.144  INFO 28456 --- [main] o.a.c.c.C.[Tomcat].[localhost].[/]       : Initializing Spring embedded WebApplicationContext
2023-03-11 18:13:21.144  INFO 28456 --- [main] o.s.web.context.ContextLoader            : Root WebApplicationContext: initialization completed in 2230 ms
2023-03-11 18:13:22.344  INFO 28456 --- [main] pertySourcedRequestMappingHandlerMapping : Mapped URL path [/v2/api-docs] onto method [springfox.documentation.swagger2.web.Swagger2Controller#getDocumentation(String, HttpServletRequest)]
2023-03-11 18:13:22.424  INFO 28456 --- [main] o.s.s.concurrent.ThreadPoolTaskExecutor  : Initializing ExecutorService 'applicationTaskExecutor'
2023-03-11 18:13:22.731  INFO 28456 --- [main] d.s.w.p.DocumentationPluginsBootstrapper : Context refreshed
2023-03-11 18:13:22.741  INFO 28456 --- [main] d.s.w.p.DocumentationPluginsBootstrapper : Found 2 custom documentation plugin(s)
2023-03-11 18:13:22.781  INFO 28456 --- [main] s.d.s.w.s.ApiListingReferenceScanner     : Scanning for api listing references
2023-03-11 18:13:22.921  INFO 28456 --- [main] .d.s.w.r.o.CachingOperationNameGenerator : Generating unique operation named: getByIdUsingGET_1
2023-03-11 18:13:22.931  INFO 28456 --- [main] .d.s.w.r.o.CachingOperationNameGenerator : Generating unique operation named: removeByIdUsingDELETE_1
2023-03-11 18:13:22.951  INFO 28456 --- [main] s.d.s.w.s.ApiListingReferenceScanner     : Scanning for api listing references
2023-03-11 18:13:22.971  INFO 28456 --- [main] o.s.b.w.embedded.tomcat.TomcatWebServer  : Tomcat started on port(s): 8110 (http) with context path ''
2023-03-11 18:13:22.981  INFO 28456 --- [main] c.C.r.s.repair.ServiceRepairApplication  : Started ServiceRepairApplication in 4.503 seconds (JVM running for 5.679)
2023-03-11 18:13:25.849  INFO 28456 --- [http-nio-8110-exec-1] o.a.c.c.C.[Tomcat].[localhost].[/]       : Initializing Spring DispatcherServlet 'dispatcherServlet'
2023-03-11 18:13:25.849  INFO 28456 --- [http-nio-8110-exec-1] o.s.web.servlet.DispatcherServlet        : Initializing Servlet 'dispatcherServlet'
2023-03-11 18:13:25.856  INFO 28456 --- [http-nio-8110-exec-1] o.s.web.servlet.DispatcherServlet        : Completed initialization in 7 ms
2023-03-11 18:13:25.948  INFO 28456 --- [http-nio-8110-exec-1] com.zaxxer.hikari.HikariDataSource       : HikariPool-1 - Starting...
2023-03-11 18:13:26.174  INFO 28456 --- [http-nio-8110-exec-1] com.zaxxer.hikari.HikariDataSource       : HikariPool-1 - Start completed.
2023-03-11 18:15:15.058  INFO 28456 --- [SpringContextShutdownHook] o.s.s.concurrent.ThreadPoolTaskExecutor  : Shutting down ExecutorService 'applicationTaskExecutor'
2023-03-11 18:15:15.068  INFO 28456 --- [SpringContextShutdownHook] com.zaxxer.hikari.HikariDataSource       : HikariPool-1 - Shutdown initiated...
2023-03-11 18:15:15.078  INFO 28456 --- [SpringContextShutdownHook] com.zaxxer.hikari.HikariDataSource       : HikariPool-1 - Shutdown completed.
2023-03-11 21:45:37.327  INFO 28700 --- [main] c.C.r.s.repair.ServiceRepairApplication  : Starting ServiceRepairApplication on Cang with PID 28700 (D:\ArtWork\Java代码库\res_repair\service\service_repair\target\classes started by Cang in D:\ArtWork\Java代码库\res_repair)
2023-03-11 21:45:37.330  INFO 28700 --- [main] c.C.r.s.repair.ServiceRepairApplication  : The following profiles are active: dev
2023-03-11 21:45:38.082  INFO 28700 --- [main] .s.d.r.c.RepositoryConfigurationDelegate : Multiple Spring Data modules found, entering strict repository configuration mode!
2023-03-11 21:45:38.085  INFO 28700 --- [main] .s.d.r.c.RepositoryConfigurationDelegate : Bootstrapping Spring Data Redis repositories in DEFAULT mode.
2023-03-11 21:45:38.109  INFO 28700 --- [main] .s.d.r.c.RepositoryConfigurationDelegate : Finished Spring Data repository scanning in 11ms. Found 0 Redis repository interfaces.
2023-03-11 21:45:38.430  INFO 28700 --- [main] trationDelegate$BeanPostProcessorChecker : Bean 'org.springframework.transaction.annotation.ProxyTransactionManagementConfiguration' of type [org.springframework.transaction.annotation.ProxyTransactionManagementConfiguration] is not eligible for getting processed by all BeanPostProcessors (for example: not eligible for auto-proxying)
2023-03-11 21:45:38.707  INFO 28700 --- [main] o.s.b.w.embedded.tomcat.TomcatWebServer  : Tomcat initialized with port(s): 8110 (http)
2023-03-11 21:45:38.717  INFO 28700 --- [main] o.apache.catalina.core.StandardService   : Starting service [Tomcat]
2023-03-11 21:45:38.717  INFO 28700 --- [main] org.apache.catalina.core.StandardEngine  : Starting Servlet engine: [Apache Tomcat/9.0.29]
2023-03-11 21:45:38.719  INFO 28700 --- [main] o.a.catalina.core.AprLifecycleListener   : An older version [1.2.14] of the APR based Apache Tomcat Native library is installed, while Tomcat recommends a minimum version of [1.2.23]
2023-03-11 21:45:38.719  INFO 28700 --- [main] o.a.catalina.core.AprLifecycleListener   : Loaded APR based Apache Tomcat Native library [1.2.14] using APR version [1.6.2].
2023-03-11 21:45:38.719  INFO 28700 --- [main] o.a.catalina.core.AprLifecycleListener   : APR capabilities: IPv6 [true], sendfile [true], accept filters [false], random [true].
2023-03-11 21:45:38.720  INFO 28700 --- [main] o.a.catalina.core.AprLifecycleListener   : APR/OpenSSL configuration: useAprConnector [false], useOpenSSL [true]
2023-03-11 21:45:39.810  INFO 28700 --- [main] o.a.catalina.core.AprLifecycleListener   : OpenSSL successfully initialized [OpenSSL 1.0.2l  25 May 2017]
2023-03-11 21:45:39.906  INFO 28700 --- [main] o.a.c.c.C.[Tomcat].[localhost].[/]       : Initializing Spring embedded WebApplicationContext
2023-03-11 21:45:39.906  INFO 28700 --- [main] o.s.web.context.ContextLoader            : Root WebApplicationContext: initialization completed in 2539 ms
2023-03-11 21:45:41.299  INFO 28700 --- [main] pertySourcedRequestMappingHandlerMapping : Mapped URL path [/v2/api-docs] onto method [springfox.documentation.swagger2.web.Swagger2Controller#getDocumentation(String, HttpServletRequest)]
2023-03-11 21:45:41.381  INFO 28700 --- [main] o.s.s.concurrent.ThreadPoolTaskExecutor  : Initializing ExecutorService 'applicationTaskExecutor'
2023-03-11 21:45:41.738  INFO 28700 --- [main] d.s.w.p.DocumentationPluginsBootstrapper : Context refreshed
2023-03-11 21:45:41.753  INFO 28700 --- [main] d.s.w.p.DocumentationPluginsBootstrapper : Found 2 custom documentation plugin(s)
2023-03-11 21:45:41.775  INFO 28700 --- [main] s.d.s.w.s.ApiListingReferenceScanner     : Scanning for api listing references
2023-03-11 21:45:41.885  INFO 28700 --- [main] .d.s.w.r.o.CachingOperationNameGenerator : Generating unique operation named: getByIdUsingGET_1
2023-03-11 21:45:41.899  INFO 28700 --- [main] .d.s.w.r.o.CachingOperationNameGenerator : Generating unique operation named: removeByIdUsingDELETE_1
2023-03-11 21:45:41.916  INFO 28700 --- [main] s.d.s.w.s.ApiListingReferenceScanner     : Scanning for api listing references
2023-03-11 21:45:41.944  INFO 28700 --- [main] o.s.b.w.embedded.tomcat.TomcatWebServer  : Tomcat started on port(s): 8110 (http) with context path ''
2023-03-11 21:45:41.948  INFO 28700 --- [main] c.C.r.s.repair.ServiceRepairApplication  : Started ServiceRepairApplication in 5.072 seconds (JVM running for 6.442)
2023-03-11 21:45:46.960  INFO 28700 --- [http-nio-8110-exec-1] o.a.c.c.C.[Tomcat].[localhost].[/]       : Initializing Spring DispatcherServlet 'dispatcherServlet'
2023-03-11 21:45:46.960  INFO 28700 --- [http-nio-8110-exec-1] o.s.web.servlet.DispatcherServlet        : Initializing Servlet 'dispatcherServlet'
2023-03-11 21:45:46.968  INFO 28700 --- [http-nio-8110-exec-1] o.s.web.servlet.DispatcherServlet        : Completed initialization in 7 ms
2023-03-11 21:46:11.815  INFO 28700 --- [http-nio-8110-exec-3] com.zaxxer.hikari.HikariDataSource       : HikariPool-1 - Starting...
2023-03-11 21:46:12.158  INFO 28700 --- [http-nio-8110-exec-3] com.zaxxer.hikari.HikariDataSource       : HikariPool-1 - Start completed.
2023-03-11 21:57:47.954  INFO 28700 --- [SpringContextShutdownHook] o.s.s.concurrent.ThreadPoolTaskExecutor  : Shutting down ExecutorService 'applicationTaskExecutor'
2023-03-11 21:57:47.956  INFO 28700 --- [SpringContextShutdownHook] com.zaxxer.hikari.HikariDataSource       : HikariPool-1 - Shutdown initiated...
2023-03-11 21:57:47.964  INFO 28700 --- [SpringContextShutdownHook] com.zaxxer.hikari.HikariDataSource       : HikariPool-1 - Shutdown completed.
